<?xml version="1.0" encoding="UTF-8"?>
<testsuite xmlns:xsi="http://www.w3.org/2001/XMLSchema-instance" xsi:schemaLocation="https://maven.apache.org/surefire/maven-surefire-plugin/xsd/surefire-test-report.xsd" name="com.chik.ChikTest" time="335.667" tests="24" errors="0" skipped="1" failures="8">
  <properties>
    <property name="java.runtime.name" value="Java(TM) SE Runtime Environment"/>
    <property name="sun.boot.library.path" value="/Library/Java/JavaVirtualMachines/jdk1.8.0_271.jdk/Contents/Home/jre/lib"/>
    <property name="java.vm.version" value="25.271-b09"/>
    <property name="gopherProxySet" value="false"/>
    <property name="java.vm.vendor" value="Oracle Corporation"/>
    <property name="maven.multiModuleProjectDirectory" value="/Volumes/Data/Sauce/Chik-Demo"/>
    <property name="java.vendor.url" value="http://java.oracle.com/"/>
    <property name="path.separator" value=":"/>
    <property name="guice.disable.misplaced.annotation.check" value="true"/>
    <property name="java.vm.name" value="Java HotSpot(TM) 64-Bit Server VM"/>
    <property name="file.encoding.pkg" value="sun.io"/>
    <property name="user.country" value="US"/>
    <property name="sun.java.launcher" value="SUN_STANDARD"/>
    <property name="sun.os.patch.level" value="unknown"/>
    <property name="java.vm.specification.name" value="Java Virtual Machine Specification"/>
    <property name="user.dir" value="/Volumes/Data/Sauce/Chik-Demo"/>
    <property name="java.runtime.version" value="1.8.0_271-b09"/>
    <property name="java.awt.graphicsenv" value="sun.awt.CGraphicsEnvironment"/>
    <property name="java.endorsed.dirs" value="/Library/Java/JavaVirtualMachines/jdk1.8.0_271.jdk/Contents/Home/jre/lib/endorsed"/>
    <property name="os.arch" value="x86_64"/>
    <property name="java.io.tmpdir" value="/var/folders/yf/7894dgsj0vd0r75b7tfbsty00000gn/T/"/>
    <property name="line.separator" value="&#10;"/>
    <property name="java.vm.specification.vendor" value="Oracle Corporation"/>
    <property name="os.name" value="Mac OS X"/>
    <property name="classworlds.conf" value="/Library/apache-maven-3.6.3/bin/m2.conf"/>
    <property name="sun.jnu.encoding" value="UTF-8"/>
    <property name="java.library.path" value="/Users/frankleyenaar/Library/Java/Extensions:/Library/Java/Extensions:/Network/Library/Java/Extensions:/System/Library/Java/Extensions:/usr/lib/java:."/>
    <property name="maven.conf" value="/Library/apache-maven-3.6.3/conf"/>
    <property name="java.specification.name" value="Java Platform API Specification"/>
    <property name="java.class.version" value="52.0"/>
    <property name="sun.management.compiler" value="HotSpot 64-Bit Tiered Compilers"/>
    <property name="os.version" value="10.16"/>
    <property name="library.jansi.path" value="/Library/apache-maven-3.6.3/lib/jansi-native"/>
    <property name="http.nonProxyHosts" value="local|*.local|169.254/16|*.169.254/16"/>
    <property name="user.home" value="/Users/frankleyenaar"/>
    <property name="user.timezone" value="America/New_York"/>
    <property name="java.awt.printerjob" value="sun.lwawt.macosx.CPrinterJob"/>
    <property name="java.specification.version" value="1.8"/>
    <property name="file.encoding" value="UTF-8"/>
    <property name="user.name" value="frankleyenaar"/>
    <property name="java.class.path" value="/Library/apache-maven-3.6.3/boot/plexus-classworlds-2.6.0.jar"/>
    <property name="java.vm.specification.version" value="1.8"/>
    <property name="sun.arch.data.model" value="64"/>
    <property name="java.home" value="/Library/Java/JavaVirtualMachines/jdk1.8.0_271.jdk/Contents/Home/jre"/>
    <property name="sun.java.command" value="org.codehaus.plexus.classworlds.launcher.Launcher test"/>
    <property name="java.specification.vendor" value="Oracle Corporation"/>
    <property name="user.language" value="en"/>
    <property name="awt.toolkit" value="sun.lwawt.macosx.LWCToolkit"/>
    <property name="java.vm.info" value="mixed mode"/>
    <property name="java.version" value="1.8.0_271"/>
    <property name="java.ext.dirs" value="/Users/frankleyenaar/Library/Java/Extensions:/Library/Java/JavaVirtualMachines/jdk1.8.0_271.jdk/Contents/Home/jre/lib/ext:/Library/Java/Extensions:/Network/Library/Java/Extensions:/System/Library/Java/Extensions:/usr/lib/java"/>
    <property name="sun.boot.class.path" value="/Library/Java/JavaVirtualMachines/jdk1.8.0_271.jdk/Contents/Home/jre/lib/resources.jar:/Library/Java/JavaVirtualMachines/jdk1.8.0_271.jdk/Contents/Home/jre/lib/rt.jar:/Library/Java/JavaVirtualMachines/jdk1.8.0_271.jdk/Contents/Home/jre/lib/sunrsasign.jar:/Library/Java/JavaVirtualMachines/jdk1.8.0_271.jdk/Contents/Home/jre/lib/jsse.jar:/Library/Java/JavaVirtualMachines/jdk1.8.0_271.jdk/Contents/Home/jre/lib/jce.jar:/Library/Java/JavaVirtualMachines/jdk1.8.0_271.jdk/Contents/Home/jre/lib/charsets.jar:/Library/Java/JavaVirtualMachines/jdk1.8.0_271.jdk/Contents/Home/jre/lib/jfr.jar:/Library/Java/JavaVirtualMachines/jdk1.8.0_271.jdk/Contents/Home/jre/classes"/>
    <property name="java.vendor" value="Oracle Corporation"/>
    <property name="maven.home" value="/Library/apache-maven-3.6.3"/>
    <property name="file.separator" value="/"/>
    <property name="java.vendor.url.bug" value="http://bugreport.sun.com/bugreport/"/>
    <property name="sun.cpu.endian" value="little"/>
    <property name="sun.io.unicode.encoding" value="UnicodeBig"/>
    <property name="socksNonProxyHosts" value="local|*.local|169.254/16|*.169.254/16"/>
    <property name="ftp.nonProxyHosts" value="local|*.local|169.254/16|*.169.254/16"/>
    <property name="sun.cpu.isalist" value=""/>
  </properties>
  <testcase name="ChikPageTitle" classname="com.chik.ChikTest" time="17.179"/>
  <testcase name="ChikPageTitle" classname="com.chik.ChikTest" time="6.873"/>
  <testcase name="ChikPageTitle" classname="com.chik.ChikTest" time="7.269"/>
  <testcase name="ChikPageTitle" classname="com.chik.ChikTest" time="8.644"/>
  <testcase name="ChikPageTitle" classname="com.chik.ChikTest" time="9.253"/>
  <testcase name="ChikPageTitle" classname="com.chik.ChikTest" time="15.853"/>
  <testcase name="ChikPageTitle" classname="com.chik.ChikTest" time="16.829"/>
  <testcase name="ChikPageTitle" classname="com.chik.ChikTest" time="17.95"/>
  <testcase name="ChikPageTitle" classname="com.chik.ChikTest" time="18.431"/>
  <testcase name="ChikPageTitle" classname="com.chik.ChikTest" time="253.856"/>
  <testcase name="ChikPageTitle" classname="com.chik.ChikTest" time="303.274">
    <failure message="Invalid message: Due to a previous error, this job has already finished.  (WARNING: The server did not provide any stacktrace information)&#10;Command duration or timeout: 0 milliseconds&#10;Build info: version: &apos;3.14.0&apos;, revision: &apos;aacccce0&apos;, time: &apos;2018-08-02T20:19:58.91Z&apos;&#10;System info: host: &apos;SL-1549.local&apos;, ip: &apos;fe80:0:0:0:1c83:1e3:2bbe:a06%en0&apos;, os.name: &apos;Mac OS X&apos;, os.arch: &apos;x86_64&apos;, os.version: &apos;10.16&apos;, java.version: &apos;1.8.0_271&apos;&#10;Driver info: org.openqa.selenium.remote.RemoteWebDriver&#10;Capabilities {acceptInsecureCerts: false, acceptSslCerts: false, browserConnectionEnabled: false, browserName: chrome, chrome: {chromedriverVersion: 98.0.4758.102 (273bf7ac8c90..., userDataDir: C:\Users\ADMINI~1\AppData\L...}, cssSelectorsEnabled: true, databaseEnabled: false, goog:chromeOptions: {debuggerAddress: localhost:64533}, handlesAlerts: true, hasMetadata: true, hasTouchScreen: false, javascriptEnabled: true, locationContextEnabled: true, mobileEmulationEnabled: false, nativeEvents: true, networkConnectionEnabled: false, pageLoadStrategy: normal, platform: WINDOWS, platformName: WINDOWS, proxy: Proxy(), rotatable: false, setWindowRect: true, strictFileInteractability: false, takesHeapSnapshot: true, takesScreenshot: true, timeouts: {implicit: 0, pageLoad: 300000, script: 30000}, unexpectedAlertBehaviour: ignore, unhandledPromptBehavior: ignore, version: 100.0.4896.60, webStorageEnabled: true, webauthn:extension:credBlob: true, webauthn:extension:largeBlob: true, webauthn:virtualAuthenticators: true, webdriver.remote.sessionid: 1d3a18b81bda4f7686260e4201c...}&#10;Session ID: 1d3a18b81bda4f7686260e4201c64de5" type="org.openqa.selenium.WebDriverException">org.openqa.selenium.WebDriverException: 
Invalid message: Due to a previous error, this job has already finished.  (WARNING: The server did not provide any stacktrace information)
Command duration or timeout: 0 milliseconds
Build info: version: '3.14.0', revision: 'aacccce0', time: '2018-08-02T20:19:58.91Z'
System info: host: 'SL-1549.local', ip: 'fe80:0:0:0:1c83:1e3:2bbe:a06%en0', os.name: 'Mac OS X', os.arch: 'x86_64', os.version: '10.16', java.version: '1.8.0_271'
Driver info: org.openqa.selenium.remote.RemoteWebDriver
Capabilities {acceptInsecureCerts: false, acceptSslCerts: false, browserConnectionEnabled: false, browserName: chrome, chrome: {chromedriverVersion: 98.0.4758.102 (273bf7ac8c90..., userDataDir: C:\Users\ADMINI~1\AppData\L...}, cssSelectorsEnabled: true, databaseEnabled: false, goog:chromeOptions: {debuggerAddress: localhost:64533}, handlesAlerts: true, hasMetadata: true, hasTouchScreen: false, javascriptEnabled: true, locationContextEnabled: true, mobileEmulationEnabled: false, nativeEvents: true, networkConnectionEnabled: false, pageLoadStrategy: normal, platform: WINDOWS, platformName: WINDOWS, proxy: Proxy(), rotatable: false, setWindowRect: true, strictFileInteractability: false, takesHeapSnapshot: true, takesScreenshot: true, timeouts: {implicit: 0, pageLoad: 300000, script: 30000}, unexpectedAlertBehaviour: ignore, unhandledPromptBehavior: ignore, version: 100.0.4896.60, webStorageEnabled: true, webauthn:extension:credBlob: true, webauthn:extension:largeBlob: true, webauthn:virtualAuthenticators: true, webdriver.remote.sessionid: 1d3a18b81bda4f7686260e4201c...}
Session ID: 1d3a18b81bda4f7686260e4201c64de5
	at com.chik.ChikTest.ChikPageTitle(ChikTest.java:130)
</failure>
  </testcase>
  <testcase name="ChikStories" classname="com.chik.ChikTest" time="1.259"/>
  <testcase name="ChikStories" classname="com.chik.ChikTest" time="2.26">
    <failure message="An element could not be located on the page using the given search parameters. (WARNING: The server did not provide any stacktrace information)&#10;Command duration or timeout: 0 milliseconds&#10;For documentation on this error, please visit: http://seleniumhq.org/exceptions/no_such_element.html&#10;Build info: version: &apos;3.14.0&apos;, revision: &apos;aacccce0&apos;, time: &apos;2018-08-02T20:19:58.91Z&apos;&#10;System info: host: &apos;SL-1549.local&apos;, ip: &apos;fe80:0:0:0:1c83:1e3:2bbe:a06%en0&apos;, os.name: &apos;Mac OS X&apos;, os.arch: &apos;x86_64&apos;, os.version: &apos;10.16&apos;, java.version: &apos;1.8.0_271&apos;&#10;Driver info: org.openqa.selenium.remote.RemoteWebDriver&#10;Capabilities {applicationCacheEnabled: true, browserName: safari, cleanSession: true, cssSelectorsEnabled: true, databaseEnabled: true, handlesAlerts: true, hasMetadata: true, javascriptEnabled: true, locationContextEnabled: false, nativeEvents: true, platform: MAC, platformName: MAC, rotatable: false, version: 12604.5.6.1.1, webStorageEnabled: true, webdriver.remote.sessionid: dba7599d88834361b3795269a10...}&#10;Session ID: dba7599d88834361b3795269a109c51b&#10;*** Element info: {Using=link text, value=Stories}" type="org.openqa.selenium.NoSuchElementException">org.openqa.selenium.NoSuchElementException: 
An element could not be located on the page using the given search parameters. (WARNING: The server did not provide any stacktrace information)
Command duration or timeout: 0 milliseconds
For documentation on this error, please visit: http://seleniumhq.org/exceptions/no_such_element.html
Build info: version: '3.14.0', revision: 'aacccce0', time: '2018-08-02T20:19:58.91Z'
System info: host: 'SL-1549.local', ip: 'fe80:0:0:0:1c83:1e3:2bbe:a06%en0', os.name: 'Mac OS X', os.arch: 'x86_64', os.version: '10.16', java.version: '1.8.0_271'
Driver info: org.openqa.selenium.remote.RemoteWebDriver
Capabilities {applicationCacheEnabled: true, browserName: safari, cleanSession: true, cssSelectorsEnabled: true, databaseEnabled: true, handlesAlerts: true, hasMetadata: true, javascriptEnabled: true, locationContextEnabled: false, nativeEvents: true, platform: MAC, platformName: MAC, rotatable: false, version: 12604.5.6.1.1, webStorageEnabled: true, webdriver.remote.sessionid: dba7599d88834361b3795269a10...}
Session ID: dba7599d88834361b3795269a109c51b
*** Element info: {Using=link text, value=Stories}
	at com.chik.ChikTest.ChikStories(ChikTest.java:138)
</failure>
    <system-out><![CDATA[WebDriverRemoteWebDriver: chrome on MAC (fb78eac7eea14af985622e66b43d6ccf)
SauceOnDemandSessionID=fb78eac7eea14af985622e66b43d6ccf job-name=ChikPageTitle
WebDriverRemoteWebDriver: chrome on MAC (87474f74af3f43a6b0b81bbfa1124efb)
SauceOnDemandSessionID=87474f74af3f43a6b0b81bbfa1124efb job-name=ChikStories
WebDriverRemoteWebDriver: firefox on ANY (3077041c97ba4a609305815b5e53a518)
SauceOnDemandSessionID=3077041c97ba4a609305815b5e53a518 job-name=ChikPageTitle
WebDriverRemoteWebDriver: firefox on ANY (0829864d28a545a893ce7212d7f914c4)
SauceOnDemandSessionID=0829864d28a545a893ce7212d7f914c4 job-name=ChikStories
]]></system-out>
    <system-err><![CDATA[Apr 27, 2022 5:00:34 PM org.openqa.selenium.remote.ProtocolHandshake createSession
INFO: Detected dialect: OSS
Apr 27, 2022 5:00:34 PM org.openqa.selenium.remote.ProtocolHandshake createSession
INFO: Detected dialect: OSS
Apr 27, 2022 5:00:35 PM org.openqa.selenium.remote.ProtocolHandshake createSession
INFO: Detected dialect: OSS
Apr 27, 2022 5:00:35 PM org.openqa.selenium.remote.ProtocolHandshake createSession
INFO: Detected dialect: OSS
]]></system-err>
  </testcase>
  <testcase name="ChikStories" classname="com.chik.ChikTest" time="2.37">
    <failure message="&#10;Build info: version: &apos;3.14.0&apos;, revision: &apos;aacccce0&apos;, time: &apos;2018-08-02T20:13:22.693Z&apos;&#10;System info: host: &apos;itako3951.prod.miso&apos;, ip: &apos;fe80:0:0:0:1817:c4d1:38c5:e87a%en0&apos;, os.name: &apos;Mac OS X&apos;, os.arch: &apos;x86_64&apos;, os.version: &apos;10.13.6&apos;, java.version: &apos;9.0.4&apos;&#10;Driver info: driver.version: unknown&#10;Command duration or timeout: 0 milliseconds" type="org.openqa.selenium.ElementNotInteractableException">org.openqa.selenium.ElementNotInteractableException: 

Build info: version: '3.14.0', revision: 'aacccce0', time: '2018-08-02T20:13:22.693Z'
System info: host: 'itako3951.prod.miso', ip: 'fe80:0:0:0:1817:c4d1:38c5:e87a%en0', os.name: 'Mac OS X', os.arch: 'x86_64', os.version: '10.13.6', java.version: '9.0.4'
Driver info: driver.version: unknown
Command duration or timeout: 0 milliseconds
	at com.chik.ChikTest.ChikStories(ChikTest.java:138)
Caused by: org.openqa.selenium.ElementNotInteractableException: 

Build info: version: '3.14.0', revision: 'aacccce0', time: '2018-08-02T20:13:22.693Z'
System info: host: 'itako3951.prod.miso', ip: 'fe80:0:0:0:1817:c4d1:38c5:e87a%en0', os.name: 'Mac OS X', os.arch: 'x86_64', os.version: '10.13.6', java.version: '9.0.4'
Driver info: driver.version: unknown
Build info: version: '3.14.0', revision: 'aacccce0', time: '2018-08-02T20:19:58.91Z'
System info: host: 'SL-1549.local', ip: 'fe80:0:0:0:1c83:1e3:2bbe:a06%en0', os.name: 'Mac OS X', os.arch: 'x86_64', os.version: '10.16', java.version: '1.8.0_271'
Driver info: driver.version: unknown
</failure>
  </testcase>
  <testcase name="ChikStories" classname="com.chik.ChikTest" time="11.461"/>
  <testcase name="ChikStories" classname="com.chik.ChikTest" time="14.93">
    <failure message="expected [The Chicken Wire Stories | Chick-fil-A] but found [Home of the Original Chicken Sandwich | Chick-fil-A]" type="java.lang.AssertionError">java.lang.AssertionError: expected [The Chicken Wire Stories | Chick-fil-A] but found [Home of the Original Chicken Sandwich | Chick-fil-A]
	at com.chik.ChikTest.ChikStories(ChikTest.java:139)
</failure>
    <system-out><![CDATA[WebDriverRemoteWebDriver: Chrome on LINUX (cca70d61-788d-4218-a2e4-60f04beb752a)
SauceOnDemandSessionID=cca70d61-788d-4218-a2e4-60f04beb752a job-name=ChikStories
WebDriverRemoteWebDriver: safari on MAC (4e1007fa-35e1-4d31-9f0a-1965352f46ee)
SauceOnDemandSessionID=4e1007fa-35e1-4d31-9f0a-1965352f46ee job-name=ChikPageTitle
]]></system-out>
    <system-err><![CDATA[Apr 27, 2022 5:00:46 PM org.openqa.selenium.remote.ProtocolHandshake createSession
INFO: Detected dialect: OSS
Apr 27, 2022 5:00:47 PM org.openqa.selenium.remote.ProtocolHandshake createSession
INFO: Detected dialect: OSS
]]></system-err>
  </testcase>
  <testcase name="ChikStories" classname="com.chik.ChikTest" time="17.227">
    <failure message="no such element: Unable to locate element: {&quot;method&quot;:&quot;link text&quot;,&quot;selector&quot;:&quot;Stories&quot;}&#10;  (Session info: chrome=100.0.4896.127)&#10;  (Driver info: chromedriver=100.0.4896.60 (6a5d10861ce8de5fce22564658033b43cb7de047-refs/branch-heads/4896@{#875}),platform=Linux 4.15.0-136-generic x86_64) (WARNING: The server did not provide any stacktrace information)&#10;Command duration or timeout: 0 milliseconds&#10;For documentation on this error, please visit: http://seleniumhq.org/exceptions/no_such_element.html&#10;Build info: version: &apos;3.14.0&apos;, revision: &apos;aacccce0&apos;, time: &apos;2018-08-02T20:19:58.91Z&apos;&#10;System info: host: &apos;SL-1549.local&apos;, ip: &apos;fe80:0:0:0:1c83:1e3:2bbe:a06%en0&apos;, os.name: &apos;Mac OS X&apos;, os.arch: &apos;x86_64&apos;, os.version: &apos;10.16&apos;, java.version: &apos;1.8.0_271&apos;&#10;Driver info: org.openqa.selenium.remote.RemoteWebDriver&#10;Capabilities {accesskey: 70d8fea3-9242-4aea-ba5a-4f5..., adbPort: 15018, appActivity: com.google.android.apps.chr..., appPackage: com.android.chrome, browserName: Chrome, chromeOptions: {w3c: false}, chromedriverChromeMappingFile: /root/.testobject_devices/w..., chromedriverExecutableDir: /root/.testobject_devices/w..., chromedriverPorts: [[26180, 26190]], databaseEnabled: false, desired: {accesskey: 70d8fea3-9242-4aea-ba5a-4f5..., adbPort: 15018, browserName: Chrome, chromeOptions: {w3c: false}, chromedriverChromeMappingFile: /root/.testobject_devices/w..., chromedriverExecutableDir: /root/.testobject_devices/w..., chromedriverPorts: [[26180, 26190]], deviceName: Samsung_Galaxy_S20_FE_5G_PO..., name: ChikStories, platformName: Android, remoteAppsCacheLimit: 0, suppressKillServer: true, systemPort: 8218, testobject_device: Samsung.*, testobject_platform_name: Android, testobject_test_name: ChikStories, uiautomator2ServerInstallTimeout: 60000, username: SauceFrank}, deviceApiLevel: 30, deviceContextId: 0bf4ab51-4998-48b2-9e42-d41..., deviceManufacturer: samsung, deviceModel: SM-G781U1, deviceName: 10.101.64.14:16001, deviceScreenDensity: 480, deviceScreenSize: 1080x2400, deviceUDID: 10.101.64.14:16001, javascriptEnabled: true, jobUuid: 6077c0cc74dd43d0932a3f801de..., locationContextEnabled: false, name: ChikStories, networkConnectionEnabled: true, pixelRatio: 3, platform: LINUX, platformName: LINUX, platformVersion: 11, remoteAppsCacheLimit: 0, statBarHeight: 88, suppressKillServer: true, systemPort: 8218, takesScreenshot: true, testobject_device: Samsung_Galaxy_S20_FE_5G_PO..., testobject_device_name: Samsung Galaxy S20 FE 5G, testobject_device_session_id: a55a6060-4714-483e-91af-86d..., testobject_platform_name: Android, testobject_test_name: ChikStories, testobject_test_report_api_url: https://api.us-west-1.sauce..., testobject_test_report_url: https://app.saucelabs.com/t..., testobject_user_id: SauceFrank, uiautomator2ServerInstallTimeout: 60000, usedCachedDevice: false, username: SauceFrank, viewportRect: {height: 2080, left: 0, top: 88, width: 1080}, warnings: {}, webStorageEnabled: false}&#10;Session ID: cca70d61-788d-4218-a2e4-60f04beb752a&#10;*** Element info: {Using=link text, value=Stories}" type="org.openqa.selenium.NoSuchElementException">org.openqa.selenium.NoSuchElementException: 
no such element: Unable to locate element: {"method":"link text","selector":"Stories"}
  (Session info: chrome=100.0.4896.127)
  (Driver info: chromedriver=100.0.4896.60 (6a5d10861ce8de5fce22564658033b43cb7de047-refs/branch-heads/4896@{#875}),platform=Linux 4.15.0-136-generic x86_64) (WARNING: The server did not provide any stacktrace information)
Command duration or timeout: 0 milliseconds
For documentation on this error, please visit: http://seleniumhq.org/exceptions/no_such_element.html
Build info: version: '3.14.0', revision: 'aacccce0', time: '2018-08-02T20:19:58.91Z'
System info: host: 'SL-1549.local', ip: 'fe80:0:0:0:1c83:1e3:2bbe:a06%en0', os.name: 'Mac OS X', os.arch: 'x86_64', os.version: '10.16', java.version: '1.8.0_271'
Driver info: org.openqa.selenium.remote.RemoteWebDriver
Capabilities {accesskey: 70d8fea3-9242-4aea-ba5a-4f5..., adbPort: 15018, appActivity: com.google.android.apps.chr..., appPackage: com.android.chrome, browserName: Chrome, chromeOptions: {w3c: false}, chromedriverChromeMappingFile: /root/.testobject_devices/w..., chromedriverExecutableDir: /root/.testobject_devices/w..., chromedriverPorts: [[26180, 26190]], databaseEnabled: false, desired: {accesskey: 70d8fea3-9242-4aea-ba5a-4f5..., adbPort: 15018, browserName: Chrome, chromeOptions: {w3c: false}, chromedriverChromeMappingFile: /root/.testobject_devices/w..., chromedriverExecutableDir: /root/.testobject_devices/w..., chromedriverPorts: [[26180, 26190]], deviceName: Samsung_Galaxy_S20_FE_5G_PO..., name: ChikStories, platformName: Android, remoteAppsCacheLimit: 0, suppressKillServer: true, systemPort: 8218, testobject_device: Samsung.*, testobject_platform_name: Android, testobject_test_name: ChikStories, uiautomator2ServerInstallTimeout: 60000, username: SauceFrank}, deviceApiLevel: 30, deviceContextId: 0bf4ab51-4998-48b2-9e42-d41..., deviceManufacturer: samsung, deviceModel: SM-G781U1, deviceName: 10.101.64.14:16001, deviceScreenDensity: 480, deviceScreenSize: 1080x2400, deviceUDID: 10.101.64.14:16001, javascriptEnabled: true, jobUuid: 6077c0cc74dd43d0932a3f801de..., locationContextEnabled: false, name: ChikStories, networkConnectionEnabled: true, pixelRatio: 3, platform: LINUX, platformName: LINUX, platformVersion: 11, remoteAppsCacheLimit: 0, statBarHeight: 88, suppressKillServer: true, systemPort: 8218, takesScreenshot: true, testobject_device: Samsung_Galaxy_S20_FE_5G_PO..., testobject_device_name: Samsung Galaxy S20 FE 5G, testobject_device_session_id: a55a6060-4714-483e-91af-86d..., testobject_platform_name: Android, testobject_test_name: ChikStories, testobject_test_report_api_url: https://api.us-west-1.sauce..., testobject_test_report_url: https://app.saucelabs.com/t..., testobject_user_id: SauceFrank, uiautomator2ServerInstallTimeout: 60000, usedCachedDevice: false, username: SauceFrank, viewportRect: {height: 2080, left: 0, top: 88, width: 1080}, warnings: {}, webStorageEnabled: false}
Session ID: cca70d61-788d-4218-a2e4-60f04beb752a
*** Element info: {Using=link text, value=Stories}
	at com.chik.ChikTest.ChikStories(ChikTest.java:138)
</failure>
  </testcase>
  <testcase name="ChikStories" classname="com.chik.ChikTest" time="19.729"/>
  <testcase name="ChikStories" classname="com.chik.ChikTest" time="27.509">
    <failure message="expected [The Chicken Wire Stories | Chick-fil-A] but found [Home of the Original Chicken Sandwich | Chick-fil-A]" type="java.lang.AssertionError">java.lang.AssertionError: expected [The Chicken Wire Stories | Chick-fil-A] but found [Home of the Original Chicken Sandwich | Chick-fil-A]
	at com.chik.ChikTest.ChikStories(ChikTest.java:139)
</failure>
  </testcase>
  <testcase name="ChikStories" classname="com.chik.ChikTest" time="136.096">
    <failure message="An element could not be located on the page using the given search parameters. (WARNING: The server did not provide any stacktrace information)&#10;Command duration or timeout: 0 milliseconds&#10;For documentation on this error, please visit: http://seleniumhq.org/exceptions/no_such_element.html&#10;Build info: version: &apos;3.14.0&apos;, revision: &apos;aacccce0&apos;, time: &apos;2018-08-02T20:19:58.91Z&apos;&#10;System info: host: &apos;SL-1549.local&apos;, ip: &apos;fe80:0:0:0:1c83:1e3:2bbe:a06%en0&apos;, os.name: &apos;Mac OS X&apos;, os.arch: &apos;x86_64&apos;, os.version: &apos;10.16&apos;, java.version: &apos;1.8.0_271&apos;&#10;Driver info: org.openqa.selenium.remote.RemoteWebDriver&#10;Capabilities {accesskey: 70d8fea3-9242-4aea-ba5a-4f5..., automationName: XCUITest, browserName: safari, commandTimeouts: {default: 60000}, databaseEnabled: false, deviceContextId: 005f402f-bf68-47a8-92e3-ab6..., deviceName: d5bd2022bb3d6c2af3c1ff03d65..., javascriptEnabled: true, jobUuid: 7ab7c9461a4d46aea684538093f..., locationContextEnabled: false, name: ChikStories, networkConnectionEnabled: false, orientation: PORTRAIT, platform: MAC, platformName: MAC, platformVersion: 12.5.5, realDevice: true, takesScreenshot: true, testobject_device: iPhone_5S_real_us, testobject_device_name: iPhone 5S, testobject_device_session_id: aa05f4e2-1b44-4185-a677-f42..., testobject_platform_name: iOS, testobject_test_name: ChikStories, testobject_test_report_api_url: https://api.us-west-1.sauce..., testobject_test_report_url: https://app.saucelabs.com/t..., testobject_user_id: SauceFrank, udid: d5bd2022bb3d6c2af3c1ff03d65..., usedCachedDevice: false, username: SauceFrank, webDriverAgentUrl: http://127.0.0.1:5708, webStorageEnabled: false}&#10;Session ID: 51b2d431-17dc-480b-bf52-780bb2a004df&#10;*** Element info: {Using=link text, value=Stories}" type="org.openqa.selenium.NoSuchElementException">org.openqa.selenium.NoSuchElementException: 
An element could not be located on the page using the given search parameters. (WARNING: The server did not provide any stacktrace information)
Command duration or timeout: 0 milliseconds
For documentation on this error, please visit: http://seleniumhq.org/exceptions/no_such_element.html
Build info: version: '3.14.0', revision: 'aacccce0', time: '2018-08-02T20:19:58.91Z'
System info: host: 'SL-1549.local', ip: 'fe80:0:0:0:1c83:1e3:2bbe:a06%en0', os.name: 'Mac OS X', os.arch: 'x86_64', os.version: '10.16', java.version: '1.8.0_271'
Driver info: org.openqa.selenium.remote.RemoteWebDriver
Capabilities {accesskey: 70d8fea3-9242-4aea-ba5a-4f5..., automationName: XCUITest, browserName: safari, commandTimeouts: {default: 60000}, databaseEnabled: false, deviceContextId: 005f402f-bf68-47a8-92e3-ab6..., deviceName: d5bd2022bb3d6c2af3c1ff03d65..., javascriptEnabled: true, jobUuid: 7ab7c9461a4d46aea684538093f..., locationContextEnabled: false, name: ChikStories, networkConnectionEnabled: false, orientation: PORTRAIT, platform: MAC, platformName: MAC, platformVersion: 12.5.5, realDevice: true, takesScreenshot: true, testobject_device: iPhone_5S_real_us, testobject_device_name: iPhone 5S, testobject_device_session_id: aa05f4e2-1b44-4185-a677-f42..., testobject_platform_name: iOS, testobject_test_name: ChikStories, testobject_test_report_api_url: https://api.us-west-1.sauce..., testobject_test_report_url: https://app.saucelabs.com/t..., testobject_user_id: SauceFrank, udid: d5bd2022bb3d6c2af3c1ff03d65..., usedCachedDevice: false, username: SauceFrank, webDriverAgentUrl: http://127.0.0.1:5708, webStorageEnabled: false}
Session ID: 51b2d431-17dc-480b-bf52-780bb2a004df
*** Element info: {Using=link text, value=Stories}
	at com.chik.ChikTest.ChikStories(ChikTest.java:138)
</failure>
    <system-out><![CDATA[WebDriverRemoteWebDriver: safari on MAC (51b2d431-17dc-480b-bf52-780bb2a004df)
SauceOnDemandSessionID=51b2d431-17dc-480b-bf52-780bb2a004df job-name=ChikStories
]]></system-out>
    <system-err><![CDATA[Apr 27, 2022 5:02:39 PM org.openqa.selenium.remote.ProtocolHandshake createSession
INFO: Detected dialect: OSS
]]></system-err>
  </testcase>
  <testcase name="ChikStories" classname="com.chik.ChikTest" time="294.335"/>
  <testcase name="ChikStories" classname="com.chik.ChikTest" time="315.622"/>
  <testcase name="tearDown" classname="com.chik.ChikTest" time="303.963">
    <failure message="Invalid message: Due to a previous error, this job has already finished.  (WARNING: The server did not provide any stacktrace information)&#10;Command duration or timeout: 0 milliseconds&#10;Build info: version: &apos;3.14.0&apos;, revision: &apos;aacccce0&apos;, time: &apos;2018-08-02T20:19:58.91Z&apos;&#10;System info: host: &apos;SL-1549.local&apos;, ip: &apos;fe80:0:0:0:1c83:1e3:2bbe:a06%en0&apos;, os.name: &apos;Mac OS X&apos;, os.arch: &apos;x86_64&apos;, os.version: &apos;10.16&apos;, java.version: &apos;1.8.0_271&apos;&#10;Driver info: org.openqa.selenium.remote.RemoteWebDriver&#10;Capabilities {acceptInsecureCerts: false, acceptSslCerts: false, browserConnectionEnabled: false, browserName: chrome, chrome: {chromedriverVersion: 98.0.4758.102 (273bf7ac8c90..., userDataDir: C:\Users\ADMINI~1\AppData\L...}, cssSelectorsEnabled: true, databaseEnabled: false, goog:chromeOptions: {debuggerAddress: localhost:64533}, handlesAlerts: true, hasMetadata: true, hasTouchScreen: false, javascriptEnabled: true, locationContextEnabled: true, mobileEmulationEnabled: false, nativeEvents: true, networkConnectionEnabled: false, pageLoadStrategy: normal, platform: WINDOWS, platformName: WINDOWS, proxy: Proxy(), rotatable: false, setWindowRect: true, strictFileInteractability: false, takesHeapSnapshot: true, takesScreenshot: true, timeouts: {implicit: 0, pageLoad: 300000, script: 30000}, unexpectedAlertBehaviour: ignore, unhandledPromptBehavior: ignore, version: 100.0.4896.60, webStorageEnabled: true, webauthn:extension:credBlob: true, webauthn:extension:largeBlob: true, webauthn:virtualAuthenticators: true, webdriver.remote.sessionid: 1d3a18b81bda4f7686260e4201c...}&#10;Session ID: 1d3a18b81bda4f7686260e4201c64de5" type="org.openqa.selenium.WebDriverException">org.openqa.selenium.WebDriverException: 
Invalid message: Due to a previous error, this job has already finished.  (WARNING: The server did not provide any stacktrace information)
Command duration or timeout: 0 milliseconds
Build info: version: '3.14.0', revision: 'aacccce0', time: '2018-08-02T20:19:58.91Z'
System info: host: 'SL-1549.local', ip: 'fe80:0:0:0:1c83:1e3:2bbe:a06%en0', os.name: 'Mac OS X', os.arch: 'x86_64', os.version: '10.16', java.version: '1.8.0_271'
Driver info: org.openqa.selenium.remote.RemoteWebDriver
Capabilities {acceptInsecureCerts: false, acceptSslCerts: false, browserConnectionEnabled: false, browserName: chrome, chrome: {chromedriverVersion: 98.0.4758.102 (273bf7ac8c90..., userDataDir: C:\Users\ADMINI~1\AppData\L...}, cssSelectorsEnabled: true, databaseEnabled: false, goog:chromeOptions: {debuggerAddress: localhost:64533}, handlesAlerts: true, hasMetadata: true, hasTouchScreen: false, javascriptEnabled: true, locationContextEnabled: true, mobileEmulationEnabled: false, nativeEvents: true, networkConnectionEnabled: false, pageLoadStrategy: normal, platform: WINDOWS, platformName: WINDOWS, proxy: Proxy(), rotatable: false, setWindowRect: true, strictFileInteractability: false, takesHeapSnapshot: true, takesScreenshot: true, timeouts: {implicit: 0, pageLoad: 300000, script: 30000}, unexpectedAlertBehaviour: ignore, unhandledPromptBehavior: ignore, version: 100.0.4896.60, webStorageEnabled: true, webauthn:extension:credBlob: true, webauthn:extension:largeBlob: true, webauthn:virtualAuthenticators: true, webdriver.remote.sessionid: 1d3a18b81bda4f7686260e4201c...}
Session ID: 1d3a18b81bda4f7686260e4201c64de5
	at com.chik.ChikTest.tearDown(ChikTest.java:114)
</failure>
  </testcase>
  <testcase name="tearDown" classname="com.chik.ChikTest" time="0">
    <skipped/>
  </testcase>
</testsuite>