<?xml version="1.0" encoding="UTF-8"?>
<testsuite xmlns:xsi="http://www.w3.org/2001/XMLSchema-instance" xsi:schemaLocation="https://maven.apache.org/surefire/maven-surefire-plugin/xsd/surefire-test-report.xsd" name="TestSuite" time="295.085" tests="44" errors="0" skipped="0" failures="14">
  <properties>
    <property name="java.runtime.name" value="Java(TM) SE Runtime Environment"/>
    <property name="sun.boot.library.path" value="/Library/Java/JavaVirtualMachines/jdk1.8.0_271.jdk/Contents/Home/jre/lib"/>
    <property name="java.vm.version" value="25.271-b09"/>
    <property name="gopherProxySet" value="false"/>
    <property name="java.vm.vendor" value="Oracle Corporation"/>
    <property name="maven.multiModuleProjectDirectory" value="/Volumes/Data/Sauce/Chik-Demo"/>
    <property name="java.vendor.url" value="http://java.oracle.com/"/>
    <property name="path.separator" value=":"/>
    <property name="guice.disable.misplaced.annotation.check" value="true"/>
    <property name="java.vm.name" value="Java HotSpot(TM) 64-Bit Server VM"/>
    <property name="file.encoding.pkg" value="sun.io"/>
    <property name="user.country" value="US"/>
    <property name="sun.java.launcher" value="SUN_STANDARD"/>
    <property name="sun.os.patch.level" value="unknown"/>
    <property name="java.vm.specification.name" value="Java Virtual Machine Specification"/>
    <property name="user.dir" value="/Volumes/Data/Sauce/Chik-Demo"/>
    <property name="java.runtime.version" value="1.8.0_271-b09"/>
    <property name="java.awt.graphicsenv" value="sun.awt.CGraphicsEnvironment"/>
    <property name="java.endorsed.dirs" value="/Library/Java/JavaVirtualMachines/jdk1.8.0_271.jdk/Contents/Home/jre/lib/endorsed"/>
    <property name="os.arch" value="x86_64"/>
    <property name="java.io.tmpdir" value="/var/folders/yf/7894dgsj0vd0r75b7tfbsty00000gn/T/"/>
    <property name="line.separator" value="&#10;"/>
    <property name="java.vm.specification.vendor" value="Oracle Corporation"/>
    <property name="os.name" value="Mac OS X"/>
    <property name="classworlds.conf" value="/Library/apache-maven-3.6.3/bin/m2.conf"/>
    <property name="sun.jnu.encoding" value="UTF-8"/>
    <property name="java.library.path" value="/Users/frankleyenaar/Library/Java/Extensions:/Library/Java/Extensions:/Network/Library/Java/Extensions:/System/Library/Java/Extensions:/usr/lib/java:."/>
    <property name="maven.conf" value="/Library/apache-maven-3.6.3/conf"/>
    <property name="java.specification.name" value="Java Platform API Specification"/>
    <property name="java.class.version" value="52.0"/>
    <property name="sun.management.compiler" value="HotSpot 64-Bit Tiered Compilers"/>
    <property name="os.version" value="10.16"/>
    <property name="library.jansi.path" value="/Library/apache-maven-3.6.3/lib/jansi-native"/>
    <property name="http.nonProxyHosts" value="local|*.local|169.254/16|*.169.254/16"/>
    <property name="user.home" value="/Users/frankleyenaar"/>
    <property name="user.timezone" value="America/New_York"/>
    <property name="java.awt.printerjob" value="sun.lwawt.macosx.CPrinterJob"/>
    <property name="java.specification.version" value="1.8"/>
    <property name="file.encoding" value="UTF-8"/>
    <property name="user.name" value="frankleyenaar"/>
    <property name="java.class.path" value="/Library/apache-maven-3.6.3/boot/plexus-classworlds-2.6.0.jar"/>
    <property name="java.vm.specification.version" value="1.8"/>
    <property name="sun.arch.data.model" value="64"/>
    <property name="java.home" value="/Library/Java/JavaVirtualMachines/jdk1.8.0_271.jdk/Contents/Home/jre"/>
    <property name="sun.java.command" value="org.codehaus.plexus.classworlds.launcher.Launcher test"/>
    <property name="java.specification.vendor" value="Oracle Corporation"/>
    <property name="user.language" value="en"/>
    <property name="awt.toolkit" value="sun.lwawt.macosx.LWCToolkit"/>
    <property name="java.vm.info" value="mixed mode"/>
    <property name="java.version" value="1.8.0_271"/>
    <property name="java.ext.dirs" value="/Users/frankleyenaar/Library/Java/Extensions:/Library/Java/JavaVirtualMachines/jdk1.8.0_271.jdk/Contents/Home/jre/lib/ext:/Library/Java/Extensions:/Network/Library/Java/Extensions:/System/Library/Java/Extensions:/usr/lib/java"/>
    <property name="sun.boot.class.path" value="/Library/Java/JavaVirtualMachines/jdk1.8.0_271.jdk/Contents/Home/jre/lib/resources.jar:/Library/Java/JavaVirtualMachines/jdk1.8.0_271.jdk/Contents/Home/jre/lib/rt.jar:/Library/Java/JavaVirtualMachines/jdk1.8.0_271.jdk/Contents/Home/jre/lib/sunrsasign.jar:/Library/Java/JavaVirtualMachines/jdk1.8.0_271.jdk/Contents/Home/jre/lib/jsse.jar:/Library/Java/JavaVirtualMachines/jdk1.8.0_271.jdk/Contents/Home/jre/lib/jce.jar:/Library/Java/JavaVirtualMachines/jdk1.8.0_271.jdk/Contents/Home/jre/lib/charsets.jar:/Library/Java/JavaVirtualMachines/jdk1.8.0_271.jdk/Contents/Home/jre/lib/jfr.jar:/Library/Java/JavaVirtualMachines/jdk1.8.0_271.jdk/Contents/Home/jre/classes"/>
    <property name="java.vendor" value="Oracle Corporation"/>
    <property name="maven.home" value="/Library/apache-maven-3.6.3"/>
    <property name="file.separator" value="/"/>
    <property name="java.vendor.url.bug" value="http://bugreport.sun.com/bugreport/"/>
    <property name="sun.cpu.endian" value="little"/>
    <property name="sun.io.unicode.encoding" value="UnicodeBig"/>
    <property name="socksNonProxyHosts" value="local|*.local|169.254/16|*.169.254/16"/>
    <property name="ftp.nonProxyHosts" value="local|*.local|169.254/16|*.169.254/16"/>
    <property name="sun.cpu.isalist" value=""/>
  </properties>
  <testcase name="ChikBreakfast" classname="com.chik.ChikTest" time="20.79">
    <failure message="no such element: Unable to locate element: {&quot;method&quot;:&quot;link text&quot;,&quot;selector&quot;:&quot;Breakfast&quot;}&#10;  (Session info: MicrosoftEdge=98.0.1108.43)&#10;  (Driver info: msedgedriver=97.0.1072.55 (ce3bf3364880558d4945082f4ac36e01fe36716e),platform=Windows NT 10.0.10586 x86_64) (WARNING: The server did not provide any stacktrace information)&#10;Command duration or timeout: 0 milliseconds&#10;For documentation on this error, please visit: http://seleniumhq.org/exceptions/no_such_element.html&#10;Build info: version: &apos;3.14.0&apos;, revision: &apos;aacccce0&apos;, time: &apos;2018-08-02T20:19:58.91Z&apos;&#10;System info: host: &apos;SL-1549.local&apos;, ip: &apos;fe80:0:0:0:1c19:e0cb:77d8:b78c%en0&apos;, os.name: &apos;Mac OS X&apos;, os.arch: &apos;x86_64&apos;, os.version: &apos;10.16&apos;, java.version: &apos;1.8.0_271&apos;&#10;Driver info: org.openqa.selenium.remote.RemoteWebDriver&#10;Capabilities {acceptInsecureCerts: false, acceptSslCerts: false, applicationCacheEnabled: false, browserConnectionEnabled: false, browserName: msedge, cssSelectorsEnabled: true, databaseEnabled: false, handlesAlerts: true, hasMetadata: true, hasTouchScreen: false, javascriptEnabled: true, locationContextEnabled: true, mobileEmulationEnabled: false, ms:edgeOptions: {debuggerAddress: localhost:58656}, msedge: {msedgedriverVersion: 97.0.1072.55 (ce3bf33648805..., userDataDir: C:\Users\ADMINI~1\AppData\L...}, nativeEvents: true, networkConnectionEnabled: false, pageLoadStrategy: normal, platform: WINDOWS, platformName: WINDOWS, proxy: Proxy(), rotatable: false, setWindowRect: true, strictFileInteractability: false, takesHeapSnapshot: true, takesScreenshot: true, timeouts: {implicit: 0, pageLoad: 300000, script: 30000}, unexpectedAlertBehaviour: ignore, unhandledPromptBehavior: ignore, version: 98.0.1108.43, webStorageEnabled: true, webauthn:extension:credBlob: true, webauthn:extension:largeBlob: true, webauthn:virtualAuthenticators: true, webdriver.remote.sessionid: 672f4ca92b7a42359578899ce79...}&#10;Session ID: 672f4ca92b7a42359578899ce7937a56&#10;*** Element info: {Using=link text, value=Breakfast}" type="org.openqa.selenium.NoSuchElementException">org.openqa.selenium.NoSuchElementException: 
no such element: Unable to locate element: {"method":"link text","selector":"Breakfast"}
  (Session info: MicrosoftEdge=98.0.1108.43)
  (Driver info: msedgedriver=97.0.1072.55 (ce3bf3364880558d4945082f4ac36e01fe36716e),platform=Windows NT 10.0.10586 x86_64) (WARNING: The server did not provide any stacktrace information)
Command duration or timeout: 0 milliseconds
For documentation on this error, please visit: http://seleniumhq.org/exceptions/no_such_element.html
Build info: version: '3.14.0', revision: 'aacccce0', time: '2018-08-02T20:19:58.91Z'
System info: host: 'SL-1549.local', ip: 'fe80:0:0:0:1c19:e0cb:77d8:b78c%en0', os.name: 'Mac OS X', os.arch: 'x86_64', os.version: '10.16', java.version: '1.8.0_271'
Driver info: org.openqa.selenium.remote.RemoteWebDriver
Capabilities {acceptInsecureCerts: false, acceptSslCerts: false, applicationCacheEnabled: false, browserConnectionEnabled: false, browserName: msedge, cssSelectorsEnabled: true, databaseEnabled: false, handlesAlerts: true, hasMetadata: true, hasTouchScreen: false, javascriptEnabled: true, locationContextEnabled: true, mobileEmulationEnabled: false, ms:edgeOptions: {debuggerAddress: localhost:58656}, msedge: {msedgedriverVersion: 97.0.1072.55 (ce3bf33648805..., userDataDir: C:\Users\ADMINI~1\AppData\L...}, nativeEvents: true, networkConnectionEnabled: false, pageLoadStrategy: normal, platform: WINDOWS, platformName: WINDOWS, proxy: Proxy(), rotatable: false, setWindowRect: true, strictFileInteractability: false, takesHeapSnapshot: true, takesScreenshot: true, timeouts: {implicit: 0, pageLoad: 300000, script: 30000}, unexpectedAlertBehaviour: ignore, unhandledPromptBehavior: ignore, version: 98.0.1108.43, webStorageEnabled: true, webauthn:extension:credBlob: true, webauthn:extension:largeBlob: true, webauthn:virtualAuthenticators: true, webdriver.remote.sessionid: 672f4ca92b7a42359578899ce79...}
Session ID: 672f4ca92b7a42359578899ce7937a56
*** Element info: {Using=link text, value=Breakfast}
	at com.chik.ChikTest.ChikBreakfast(ChikTest.java:135)
</failure>
    <system-out><![CDATA[WebDriverRemoteWebDriver: msedge on WINDOWS (672f4ca92b7a42359578899ce7937a56)
WebDriverRemoteWebDriver: internet explorer on WINDOWS (1e6ce67b6e0d47cbb103fd375a669060)
SauceOnDemandSessionID=672f4ca92b7a42359578899ce7937a56 job-name=ChikBreakfast
SauceOnDemandSessionID=1e6ce67b6e0d47cbb103fd375a669060 job-name=ChikPageTitle
WebDriverRemoteWebDriver: safari on MAC (694b1dad5540433e821b60faeb6318ab)
SauceOnDemandSessionID=694b1dad5540433e821b60faeb6318ab job-name=ChikPageTitle
WebDriverRemoteWebDriver: msedge on WINDOWS (48765fb500ce486caa413930ebd22958)
SauceOnDemandSessionID=48765fb500ce486caa413930ebd22958 job-name=CNNPageTitle
WebDriverRemoteWebDriver: firefox on ANY (c1da6511f8fb47938dee4a04ebff60be)
SauceOnDemandSessionID=c1da6511f8fb47938dee4a04ebff60be job-name=ChikPageTitle
WebDriverRemoteWebDriver: firefox on ANY (dfb5ebc05dc345f2a54f9bdd9f5a3eac)
SauceOnDemandSessionID=dfb5ebc05dc345f2a54f9bdd9f5a3eac job-name=CNNSports
WebDriverRemoteWebDriver: msedge on WINDOWS (d184654c82914d86ab7ff4e37973d459)
SauceOnDemandSessionID=d184654c82914d86ab7ff4e37973d459 job-name=ChikPageTitle
WebDriverRemoteWebDriver: internet explorer on WINDOWS (25d1edc70dc0458abe4a68a2ca78e736)
SauceOnDemandSessionID=25d1edc70dc0458abe4a68a2ca78e736 job-name=CNNSports
WebDriverRemoteWebDriver: chrome on MAC (d5d07a8249d6413f86ffccf62390a681)
SauceOnDemandSessionID=d5d07a8249d6413f86ffccf62390a681 job-name=CNNSports
WebDriverRemoteWebDriver: safari on MAC (570fb64bdf0241ef9708034b97e93dae)
SauceOnDemandSessionID=570fb64bdf0241ef9708034b97e93dae job-name=ChikBreakfast
WebDriverRemoteWebDriver: Safari on MAC (6937efc408d4427992f42644c9be8e1c)
SauceOnDemandSessionID=6937efc408d4427992f42644c9be8e1c job-name=CNNPageTitle
WebDriverRemoteWebDriver: chrome on WINDOWS (8f535d6c6209496ebb5c750502d05e9a)
SauceOnDemandSessionID=8f535d6c6209496ebb5c750502d05e9a job-name=ChikPageTitle
WebDriverRemoteWebDriver: internet explorer on WINDOWS (8bbf26215ce8426489c111687e588861)
SauceOnDemandSessionID=8bbf26215ce8426489c111687e588861 job-name=ChikBreakfast
WebDriverRemoteWebDriver: internet explorer on WINDOWS (1836231b537d4e6bb762f29956c82873)
SauceOnDemandSessionID=1836231b537d4e6bb762f29956c82873 job-name=CNNPageTitle
WebDriverRemoteWebDriver: msedge on WINDOWS (67fb1400e1494bcbbf331b1e1c5e2d81)
SauceOnDemandSessionID=67fb1400e1494bcbbf331b1e1c5e2d81 job-name=CNNSports
]]></system-out>
    <system-err><![CDATA[Mar 02, 2022 11:11:57 AM org.openqa.selenium.remote.ProtocolHandshake createSession
INFO: Detected dialect: OSS
Mar 02, 2022 11:11:57 AM org.openqa.selenium.remote.ProtocolHandshake createSession
INFO: Detected dialect: OSS
Mar 02, 2022 11:11:57 AM org.openqa.selenium.remote.ProtocolHandshake createSession
INFO: Detected dialect: OSS
Mar 02, 2022 11:11:57 AM org.openqa.selenium.remote.ProtocolHandshake createSession
INFO: Detected dialect: OSS
Mar 02, 2022 11:11:57 AM org.openqa.selenium.remote.ProtocolHandshake createSession
INFO: Detected dialect: OSS
Mar 02, 2022 11:11:57 AM org.openqa.selenium.remote.ProtocolHandshake createSession
INFO: Detected dialect: OSS
Mar 02, 2022 11:11:58 AM org.openqa.selenium.remote.ProtocolHandshake createSession
INFO: Detected dialect: OSS
Mar 02, 2022 11:11:59 AM org.openqa.selenium.remote.ProtocolHandshake createSession
INFO: Detected dialect: OSS
Mar 02, 2022 11:11:59 AM org.openqa.selenium.remote.ProtocolHandshake createSession
INFO: Detected dialect: OSS
Mar 02, 2022 11:11:59 AM org.openqa.selenium.remote.ProtocolHandshake createSession
INFO: Detected dialect: OSS
Mar 02, 2022 11:12:00 AM org.openqa.selenium.remote.ProtocolHandshake createSession
INFO: Detected dialect: OSS
Mar 02, 2022 11:12:01 AM org.openqa.selenium.remote.ProtocolHandshake createSession
INFO: Detected dialect: OSS
Mar 02, 2022 11:12:01 AM org.openqa.selenium.remote.ProtocolHandshake createSession
INFO: Detected dialect: OSS
Mar 02, 2022 11:12:02 AM org.openqa.selenium.remote.ProtocolHandshake createSession
INFO: Detected dialect: OSS
Mar 02, 2022 11:12:02 AM org.openqa.selenium.remote.ProtocolHandshake createSession
INFO: Detected dialect: OSS
]]></system-err>
  </testcase>
  <testcase name="ChikBreakfast" classname="com.chik.ChikTest" time="5.346">
    <failure message="Unable to locate element: Breakfast&#10;For documentation on this error, please visit: http://seleniumhq.org/exceptions/no_such_element.html&#10;Build info: version: &apos;3.4.0&apos;, revision: &apos;unknown&apos;, time: &apos;unknown&apos;&#10;System info: host: &apos;itako4838.prod.miso&apos;, ip: &apos;fe80:0:0:0:4c9:ff39:3302:9a65%en0&apos;, os.name: &apos;Mac OS X&apos;, os.arch: &apos;x86_64&apos;, os.version: &apos;10.14&apos;, java.version: &apos;9.0.4&apos;&#10;Driver info: org.openqa.selenium.firefox.FirefoxDriver&#10;Capabilities [{moz:profile=/var/folders/d2/qw7q16_j7yb7yk5r6b8sl0n40000kr/T/rust_mozprofilertzNSs, moz:geckodriverVersion=0.30.0, timeouts={implicit=0.0, pageLoad=300000.0, script=30000.0}, pageLoadStrategy=normal, unhandledPromptBehavior=dismiss and notify, strictFileInteractability=false, moz:headless=false, platform=ANY, proxy=Proxy(), moz:accessibilityChecks=false, moz:useNonSpecCompliantPointerOrigin=false, acceptInsecureCerts=false, browserVersion=97.0, moz:shutdownTimeout=60000.0, platformVersion=18.0.0, moz:processID=4263.0, browserName=firefox, moz:buildID=20220202182137, javascriptEnabled=true, platformName=mac, setWindowRect=true, moz:webdriverClick=true}]&#10;Session ID: XXXXXXXX-XXXX-XXXX-XXXX-XXXXe763c153&#10;*** Element info: {Using=link text, value=Breakfast}&#10;Command duration or timeout: 0 milliseconds" type="org.openqa.selenium.NoSuchElementException">org.openqa.selenium.NoSuchElementException: 
Unable to locate element: Breakfast
For documentation on this error, please visit: http://seleniumhq.org/exceptions/no_such_element.html
Build info: version: '3.4.0', revision: 'unknown', time: 'unknown'
System info: host: 'itako4838.prod.miso', ip: 'fe80:0:0:0:4c9:ff39:3302:9a65%en0', os.name: 'Mac OS X', os.arch: 'x86_64', os.version: '10.14', java.version: '9.0.4'
Driver info: org.openqa.selenium.firefox.FirefoxDriver
Capabilities [{moz:profile=/var/folders/d2/qw7q16_j7yb7yk5r6b8sl0n40000kr/T/rust_mozprofilertzNSs, moz:geckodriverVersion=0.30.0, timeouts={implicit=0.0, pageLoad=300000.0, script=30000.0}, pageLoadStrategy=normal, unhandledPromptBehavior=dismiss and notify, strictFileInteractability=false, moz:headless=false, platform=ANY, proxy=Proxy(), moz:accessibilityChecks=false, moz:useNonSpecCompliantPointerOrigin=false, acceptInsecureCerts=false, browserVersion=97.0, moz:shutdownTimeout=60000.0, platformVersion=18.0.0, moz:processID=4263.0, browserName=firefox, moz:buildID=20220202182137, javascriptEnabled=true, platformName=mac, setWindowRect=true, moz:webdriverClick=true}]
Session ID: XXXXXXXX-XXXX-XXXX-XXXX-XXXXe763c153
*** Element info: {Using=link text, value=Breakfast}
Command duration or timeout: 0 milliseconds
	at com.chik.ChikTest.ChikBreakfast(ChikTest.java:135)
Caused by: org.openqa.selenium.NoSuchElementException: 
Unable to locate element: Breakfast
For documentation on this error, please visit: http://seleniumhq.org/exceptions/no_such_element.html
Build info: version: '3.4.0', revision: 'unknown', time: 'unknown'
System info: host: 'itako4838.prod.miso', ip: 'fe80:0:0:0:4c9:ff39:3302:9a65%en0', os.name: 'Mac OS X', os.arch: 'x86_64', os.version: '10.14', java.version: '9.0.4'
Driver info: org.openqa.selenium.firefox.FirefoxDriver
Capabilities [{moz:profile=/var/folders/d2/qw7q16_j7yb7yk5r6b8sl0n40000kr/T/rust_mozprofilertzNSs, moz:geckodriverVersion=0.30.0, timeouts={implicit=0.0, pageLoad=300000.0, script=30000.0}, pageLoadStrategy=normal, unhandledPromptBehavior=dismiss and notify, strictFileInteractability=false, moz:headless=false, platform=ANY, proxy=Proxy(), moz:accessibilityChecks=false, moz:useNonSpecCompliantPointerOrigin=false, acceptInsecureCerts=false, browserVersion=97.0, moz:shutdownTimeout=60000.0, platformVersion=18.0.0, moz:processID=4263.0, browserName=firefox, moz:buildID=20220202182137, javascriptEnabled=true, platformName=mac, setWindowRect=true, moz:webdriverClick=true}]
Session ID: XXXXXXXX-XXXX-XXXX-XXXX-XXXXe763c153
*** Element info: {Using=link text, value=Breakfast}
For documentation on this error, please visit: http://seleniumhq.org/exceptions/no_such_element.html
Build info: version: '3.14.0', revision: 'aacccce0', time: '2018-08-02T20:19:58.91Z'
System info: host: 'SL-1549.local', ip: 'fe80:0:0:0:1c19:e0cb:77d8:b78c%en0', os.name: 'Mac OS X', os.arch: 'x86_64', os.version: '10.16', java.version: '1.8.0_271'
Driver info: driver.version: EventFiringWebDriver
</failure>
    <system-out><![CDATA[WebDriverRemoteWebDriver: Chrome on LINUX (04069618-615d-4fc4-8a55-782e9d8938ef)
SauceOnDemandSessionID=04069618-615d-4fc4-8a55-782e9d8938ef job-name=ChikPageTitle
]]></system-out>
    <system-err><![CDATA[Mar 02, 2022 11:12:15 AM org.openqa.selenium.remote.ProtocolHandshake createSession
INFO: Detected dialect: OSS
]]></system-err>
  </testcase>
  <testcase name="ChikBreakfast" classname="com.chik.ChikTest" time="9.413">
    <failure message="Unable to locate element: Breakfast&#10;For documentation on this error, please visit: http://seleniumhq.org/exceptions/no_such_element.html&#10;Build info: version: &apos;3.4.0&apos;, revision: &apos;unknown&apos;, time: &apos;unknown&apos;&#10;System info: host: &apos;SAUCE-WIN10&apos;, ip: &apos;10.100.3.137&apos;, os.name: &apos;Windows 10&apos;, os.arch: &apos;amd64&apos;, os.version: &apos;10.0&apos;, java.version: &apos;1.8.0_131&apos;&#10;Driver info: org.openqa.selenium.firefox.FirefoxDriver&#10;Capabilities [{moz:profile=C:\Users\sauce\AppData\Local\Temp\rust_mozprofileYGp9mX, moz:geckodriverVersion=0.30.0, timeouts={implicit=0.0, pageLoad=300000.0, script=30000.0}, pageLoadStrategy=normal, unhandledPromptBehavior=dismiss and notify, strictFileInteractability=false, moz:headless=false, platform=ANY, proxy=Proxy(), moz:accessibilityChecks=false, moz:useNonSpecCompliantPointerOrigin=false, acceptInsecureCerts=false, browserVersion=95.0, moz:shutdownTimeout=60000.0, platformVersion=10.0, moz:processID=5772.0, browserName=firefox, moz:buildID=20211129150630, javascriptEnabled=true, platformName=windows, setWindowRect=true, moz:webdriverClick=true}]&#10;Session ID: XXXXXXXX-XXXX-XXXX-XXXX-XXXXc07686b2&#10;*** Element info: {Using=link text, value=Breakfast}&#10;Command duration or timeout: 0 milliseconds" type="org.openqa.selenium.NoSuchElementException">org.openqa.selenium.NoSuchElementException: 
Unable to locate element: Breakfast
For documentation on this error, please visit: http://seleniumhq.org/exceptions/no_such_element.html
Build info: version: '3.4.0', revision: 'unknown', time: 'unknown'
System info: host: 'SAUCE-WIN10', ip: '10.100.3.137', os.name: 'Windows 10', os.arch: 'amd64', os.version: '10.0', java.version: '1.8.0_131'
Driver info: org.openqa.selenium.firefox.FirefoxDriver
Capabilities [{moz:profile=C:\Users\sauce\AppData\Local\Temp\rust_mozprofileYGp9mX, moz:geckodriverVersion=0.30.0, timeouts={implicit=0.0, pageLoad=300000.0, script=30000.0}, pageLoadStrategy=normal, unhandledPromptBehavior=dismiss and notify, strictFileInteractability=false, moz:headless=false, platform=ANY, proxy=Proxy(), moz:accessibilityChecks=false, moz:useNonSpecCompliantPointerOrigin=false, acceptInsecureCerts=false, browserVersion=95.0, moz:shutdownTimeout=60000.0, platformVersion=10.0, moz:processID=5772.0, browserName=firefox, moz:buildID=20211129150630, javascriptEnabled=true, platformName=windows, setWindowRect=true, moz:webdriverClick=true}]
Session ID: XXXXXXXX-XXXX-XXXX-XXXX-XXXXc07686b2
*** Element info: {Using=link text, value=Breakfast}
Command duration or timeout: 0 milliseconds
	at com.chik.ChikTest.ChikBreakfast(ChikTest.java:135)
Caused by: org.openqa.selenium.NoSuchElementException: 
Unable to locate element: Breakfast
For documentation on this error, please visit: http://seleniumhq.org/exceptions/no_such_element.html
Build info: version: '3.4.0', revision: 'unknown', time: 'unknown'
System info: host: 'SAUCE-WIN10', ip: '10.100.3.137', os.name: 'Windows 10', os.arch: 'amd64', os.version: '10.0', java.version: '1.8.0_131'
Driver info: org.openqa.selenium.firefox.FirefoxDriver
Capabilities [{moz:profile=C:\Users\sauce\AppData\Local\Temp\rust_mozprofileYGp9mX, moz:geckodriverVersion=0.30.0, timeouts={implicit=0.0, pageLoad=300000.0, script=30000.0}, pageLoadStrategy=normal, unhandledPromptBehavior=dismiss and notify, strictFileInteractability=false, moz:headless=false, platform=ANY, proxy=Proxy(), moz:accessibilityChecks=false, moz:useNonSpecCompliantPointerOrigin=false, acceptInsecureCerts=false, browserVersion=95.0, moz:shutdownTimeout=60000.0, platformVersion=10.0, moz:processID=5772.0, browserName=firefox, moz:buildID=20211129150630, javascriptEnabled=true, platformName=windows, setWindowRect=true, moz:webdriverClick=true}]
Session ID: XXXXXXXX-XXXX-XXXX-XXXX-XXXXc07686b2
*** Element info: {Using=link text, value=Breakfast}
For documentation on this error, please visit: http://seleniumhq.org/exceptions/no_such_element.html
Build info: version: '3.14.0', revision: 'aacccce0', time: '2018-08-02T20:19:58.91Z'
System info: host: 'SL-1549.local', ip: 'fe80:0:0:0:1c19:e0cb:77d8:b78c%en0', os.name: 'Mac OS X', os.arch: 'x86_64', os.version: '10.16', java.version: '1.8.0_271'
Driver info: driver.version: EventFiringWebDriver
</failure>
  </testcase>
  <testcase name="ChikBreakfast" classname="com.chik.ChikTest" time="14.434">
    <failure message="&#10;Build info: version: &apos;3.14.0&apos;, revision: &apos;aacccce0&apos;, time: &apos;2018-08-02T20:13:22.693Z&apos;&#10;System info: host: &apos;itako223.prod.miso&apos;, ip: &apos;fe80:0:0:0:1c27:7a0f:1762:168f%en0&apos;, os.name: &apos;Mac OS X&apos;, os.arch: &apos;x86_64&apos;, os.version: &apos;10.13.6&apos;, java.version: &apos;9.0.4&apos;&#10;Driver info: driver.version: unknown&#10;Command duration or timeout: 0 milliseconds" type="org.openqa.selenium.ElementNotInteractableException">org.openqa.selenium.ElementNotInteractableException: 

Build info: version: '3.14.0', revision: 'aacccce0', time: '2018-08-02T20:13:22.693Z'
System info: host: 'itako223.prod.miso', ip: 'fe80:0:0:0:1c27:7a0f:1762:168f%en0', os.name: 'Mac OS X', os.arch: 'x86_64', os.version: '10.13.6', java.version: '9.0.4'
Driver info: driver.version: unknown
Command duration or timeout: 0 milliseconds
	at com.chik.ChikTest.ChikBreakfast(ChikTest.java:135)
Caused by: org.openqa.selenium.ElementNotInteractableException: 

Build info: version: '3.14.0', revision: 'aacccce0', time: '2018-08-02T20:13:22.693Z'
System info: host: 'itako223.prod.miso', ip: 'fe80:0:0:0:1c27:7a0f:1762:168f%en0', os.name: 'Mac OS X', os.arch: 'x86_64', os.version: '10.13.6', java.version: '9.0.4'
Driver info: driver.version: unknown
Build info: version: '3.14.0', revision: 'aacccce0', time: '2018-08-02T20:19:58.91Z'
System info: host: 'SL-1549.local', ip: 'fe80:0:0:0:1c19:e0cb:77d8:b78c%en0', os.name: 'Mac OS X', os.arch: 'x86_64', os.version: '10.16', java.version: '1.8.0_271'
Driver info: driver.version: unknown
</failure>
    <system-out><![CDATA[WebDriverRemoteWebDriver: safari on MAC (3914c4f1-179d-417d-afeb-b28e1c5195b4)
SauceOnDemandSessionID=3914c4f1-179d-417d-afeb-b28e1c5195b4 job-name=ChikBreakfast
]]></system-out>
    <system-err><![CDATA[Mar 02, 2022 11:12:24 AM org.openqa.selenium.remote.ProtocolHandshake createSession
INFO: Detected dialect: OSS
]]></system-err>
  </testcase>
  <testcase name="ChikBreakfast" classname="com.chik.ChikTest" time="17.704">
    <failure message="An element could not be located on the page using the given search parameters. (WARNING: The server did not provide any stacktrace information)&#10;Command duration or timeout: 0 milliseconds&#10;For documentation on this error, please visit: http://seleniumhq.org/exceptions/no_such_element.html&#10;Build info: version: &apos;3.14.0&apos;, revision: &apos;aacccce0&apos;, time: &apos;2018-08-02T20:19:58.91Z&apos;&#10;System info: host: &apos;SL-1549.local&apos;, ip: &apos;fe80:0:0:0:1c19:e0cb:77d8:b78c%en0&apos;, os.name: &apos;Mac OS X&apos;, os.arch: &apos;x86_64&apos;, os.version: &apos;10.16&apos;, java.version: &apos;1.8.0_271&apos;&#10;Driver info: org.openqa.selenium.remote.RemoteWebDriver&#10;Capabilities {accesskey: 70d8fea3-9242-4aea-ba5a-4f5..., automationName: XCUITest, browserName: safari, commandTimeouts: {default: 60000}, databaseEnabled: false, deviceContextId: 826cf49b-6916-426e-b51c-b1f..., deviceName: 00008101-001E20280C61001E, javascriptEnabled: true, locationContextEnabled: false, name: ChikBreakfast, networkConnectionEnabled: false, orientation: PORTRAIT, platform: MAC, platformName: MAC, platformVersion: 14.8, realDevice: true, takesScreenshot: true, testobject_device: iPhone_12_14_real_us, testobject_device_name: iPhone 12, testobject_device_session_id: 59c475ad-6347-4fa9-bc06-175..., testobject_platform_name: iOS, testobject_project_id: saucelabs-default, testobject_test_name: ChikBreakfast, testobject_test_report_api_url: https://api.us-west-1.sauce..., testobject_test_report_id: 35000, testobject_test_report_url: https://app.saucelabs.com/t..., testobject_user_id: SauceFrank, udid: 00008101-001E20280C61001E, usedCachedDevice: false, username: SauceFrank, webDriverAgentUrl: http://127.0.0.1:5721, webStorageEnabled: false}&#10;Session ID: 3914c4f1-179d-417d-afeb-b28e1c5195b4&#10;*** Element info: {Using=link text, value=Breakfast}" type="org.openqa.selenium.NoSuchElementException">org.openqa.selenium.NoSuchElementException: 
An element could not be located on the page using the given search parameters. (WARNING: The server did not provide any stacktrace information)
Command duration or timeout: 0 milliseconds
For documentation on this error, please visit: http://seleniumhq.org/exceptions/no_such_element.html
Build info: version: '3.14.0', revision: 'aacccce0', time: '2018-08-02T20:19:58.91Z'
System info: host: 'SL-1549.local', ip: 'fe80:0:0:0:1c19:e0cb:77d8:b78c%en0', os.name: 'Mac OS X', os.arch: 'x86_64', os.version: '10.16', java.version: '1.8.0_271'
Driver info: org.openqa.selenium.remote.RemoteWebDriver
Capabilities {accesskey: 70d8fea3-9242-4aea-ba5a-4f5..., automationName: XCUITest, browserName: safari, commandTimeouts: {default: 60000}, databaseEnabled: false, deviceContextId: 826cf49b-6916-426e-b51c-b1f..., deviceName: 00008101-001E20280C61001E, javascriptEnabled: true, locationContextEnabled: false, name: ChikBreakfast, networkConnectionEnabled: false, orientation: PORTRAIT, platform: MAC, platformName: MAC, platformVersion: 14.8, realDevice: true, takesScreenshot: true, testobject_device: iPhone_12_14_real_us, testobject_device_name: iPhone 12, testobject_device_session_id: 59c475ad-6347-4fa9-bc06-175..., testobject_platform_name: iOS, testobject_project_id: saucelabs-default, testobject_test_name: ChikBreakfast, testobject_test_report_api_url: https://api.us-west-1.sauce..., testobject_test_report_id: 35000, testobject_test_report_url: https://app.saucelabs.com/t..., testobject_user_id: SauceFrank, udid: 00008101-001E20280C61001E, usedCachedDevice: false, username: SauceFrank, webDriverAgentUrl: http://127.0.0.1:5721, webStorageEnabled: false}
Session ID: 3914c4f1-179d-417d-afeb-b28e1c5195b4
*** Element info: {Using=link text, value=Breakfast}
	at com.chik.ChikTest.ChikBreakfast(ChikTest.java:135)
</failure>
    <system-out><![CDATA[WebDriverRemoteWebDriver: safari on MAC (00eb808e-9ccd-4910-b91a-5ae85b09ae16)
SauceOnDemandSessionID=00eb808e-9ccd-4910-b91a-5ae85b09ae16 job-name=CNNSports
]]></system-out>
    <system-err><![CDATA[Mar 02, 2022 11:12:26 AM org.openqa.selenium.remote.ProtocolHandshake createSession
INFO: Detected dialect: OSS
]]></system-err>
  </testcase>
  <testcase name="ChikBreakfast" classname="com.chik.ChikTest" time="17.705">
    <failure message="Unable to find element with link text == Breakfast (WARNING: The server did not provide any stacktrace information)&#10;Command duration or timeout: 743 milliseconds&#10;For documentation on this error, please visit: http://seleniumhq.org/exceptions/no_such_element.html&#10;Build info: version: &apos;2.53.1&apos;, revision: &apos;a36b8b1&apos;, time: &apos;2016-06-30 17:37:03&apos;&#10;System info: host: &apos;WIN-HLEK05V71GA&apos;, ip: &apos;10.100.2.233&apos;, os.name: &apos;Windows Server 2012 R2&apos;, os.arch: &apos;x86&apos;, os.version: &apos;6.3&apos;, java.version: &apos;1.8.0_91&apos;&#10;Driver info: org.openqa.selenium.ie.InternetExplorerDriver&#10;Capabilities [{browserAttachTimeout=0, ie.enableFullPageScreenshot=true, enablePersistentHover=true, ie.forceCreateProcessApi=false, ie.forceShellWindowsApi=false, pageLoadStrategy=normal, ignoreZoomSetting=false, ie.fileUploadDialogTimeout=3000, version=11, platform=WINDOWS, nativeEvents=true, ie.ensureCleanSession=false, elementScrollBehavior=0, ie.browserCommandLineSwitches=, requireWindowFocus=false, browserName=internet explorer, initialBrowserUrl=about:blank, javascriptEnabled=true, ignoreProtectedModeSettings=false, enableElementCacheCleanup=true, unexpectedAlertBehaviour=dismiss}]&#10;Session ID: XXXXXXXX-XXXX-XXXX-XXXX-XXXXebbba457&#10;*** Element info: {Using=link text, value=Breakfast}&#10;Command duration or timeout: 0 milliseconds" type="org.openqa.selenium.NoSuchElementException">org.openqa.selenium.NoSuchElementException: 
Unable to find element with link text == Breakfast (WARNING: The server did not provide any stacktrace information)
Command duration or timeout: 743 milliseconds
For documentation on this error, please visit: http://seleniumhq.org/exceptions/no_such_element.html
Build info: version: '2.53.1', revision: 'a36b8b1', time: '2016-06-30 17:37:03'
System info: host: 'WIN-HLEK05V71GA', ip: '10.100.2.233', os.name: 'Windows Server 2012 R2', os.arch: 'x86', os.version: '6.3', java.version: '1.8.0_91'
Driver info: org.openqa.selenium.ie.InternetExplorerDriver
Capabilities [{browserAttachTimeout=0, ie.enableFullPageScreenshot=true, enablePersistentHover=true, ie.forceCreateProcessApi=false, ie.forceShellWindowsApi=false, pageLoadStrategy=normal, ignoreZoomSetting=false, ie.fileUploadDialogTimeout=3000, version=11, platform=WINDOWS, nativeEvents=true, ie.ensureCleanSession=false, elementScrollBehavior=0, ie.browserCommandLineSwitches=, requireWindowFocus=false, browserName=internet explorer, initialBrowserUrl=about:blank, javascriptEnabled=true, ignoreProtectedModeSettings=false, enableElementCacheCleanup=true, unexpectedAlertBehaviour=dismiss}]
Session ID: XXXXXXXX-XXXX-XXXX-XXXX-XXXXebbba457
*** Element info: {Using=link text, value=Breakfast}
Command duration or timeout: 0 milliseconds
	at com.chik.ChikTest.ChikBreakfast(ChikTest.java:135)
Caused by: org.openqa.selenium.NoSuchElementException: 
Unable to find element with link text == Breakfast (WARNING: The server did not provide any stacktrace information)
Command duration or timeout: 743 milliseconds
For documentation on this error, please visit: http://seleniumhq.org/exceptions/no_such_element.html
Build info: version: '2.53.1', revision: 'a36b8b1', time: '2016-06-30 17:37:03'
System info: host: 'WIN-HLEK05V71GA', ip: '10.100.2.233', os.name: 'Windows Server 2012 R2', os.arch: 'x86', os.version: '6.3', java.version: '1.8.0_91'
Driver info: org.openqa.selenium.ie.InternetExplorerDriver
Capabilities [{browserAttachTimeout=0, ie.enableFullPageScreenshot=true, enablePersistentHover=true, ie.forceCreateProcessApi=false, ie.forceShellWindowsApi=false, pageLoadStrategy=normal, ignoreZoomSetting=false, ie.fileUploadDialogTimeout=3000, version=11, platform=WINDOWS, nativeEvents=true, ie.ensureCleanSession=false, elementScrollBehavior=0, ie.browserCommandLineSwitches=, requireWindowFocus=false, browserName=internet explorer, initialBrowserUrl=about:blank, javascriptEnabled=true, ignoreProtectedModeSettings=false, enableElementCacheCleanup=true, unexpectedAlertBehaviour=dismiss}]
Session ID: XXXXXXXX-XXXX-XXXX-XXXX-XXXXebbba457
*** Element info: {Using=link text, value=Breakfast}
For documentation on this error, please visit: http://seleniumhq.org/exceptions/no_such_element.html
Build info: version: '3.14.0', revision: 'aacccce0', time: '2018-08-02T20:19:58.91Z'
System info: host: 'SL-1549.local', ip: 'fe80:0:0:0:1c19:e0cb:77d8:b78c%en0', os.name: 'Mac OS X', os.arch: 'x86_64', os.version: '10.16', java.version: '1.8.0_271'
Driver info: driver.version: EventFiringWebDriver
</failure>
  </testcase>
  <testcase name="ChikBreakfast" classname="com.chik.ChikTest" time="18.002">
    <failure message="no such element: Unable to locate element: {&quot;method&quot;:&quot;link text&quot;,&quot;selector&quot;:&quot;Breakfast&quot;}&#10;  (Session info: chrome=98.0.4758.101)&#10;  (Driver info: chromedriver=98.0.4758.48 (d869ab3eda60629b9fabbd4e30c0f833466c83fd-refs/branch-heads/4758@{#415}),platform=Linux 4.15.0-136-generic x86_64) (WARNING: The server did not provide any stacktrace information)&#10;Command duration or timeout: 0 milliseconds&#10;For documentation on this error, please visit: http://seleniumhq.org/exceptions/no_such_element.html&#10;Build info: version: &apos;3.14.0&apos;, revision: &apos;aacccce0&apos;, time: &apos;2018-08-02T20:19:58.91Z&apos;&#10;System info: host: &apos;SL-1549.local&apos;, ip: &apos;fe80:0:0:0:1c19:e0cb:77d8:b78c%en0&apos;, os.name: &apos;Mac OS X&apos;, os.arch: &apos;x86_64&apos;, os.version: &apos;10.16&apos;, java.version: &apos;1.8.0_271&apos;&#10;Driver info: org.openqa.selenium.remote.RemoteWebDriver&#10;Capabilities {accesskey: 70d8fea3-9242-4aea-ba5a-4f5..., adbPort: 15015, appActivity: com.google.android.apps.chr..., appPackage: com.android.chrome, browserName: Chrome, chromeOptions: {w3c: false}, chromedriverChromeMappingFile: /root/.testobject_devices/w..., chromedriverExecutableDir: /root/.testobject_devices/w..., chromedriverPorts: [[26150, 26160]], databaseEnabled: false, desired: {accesskey: 70d8fea3-9242-4aea-ba5a-4f5..., adbPort: 15015, browserName: Chrome, chromeOptions: {w3c: false}, chromedriverChromeMappingFile: /root/.testobject_devices/w..., chromedriverExecutableDir: /root/.testobject_devices/w..., chromedriverPorts: [[26150, 26160]], deviceName: Samsung_Galaxy_S7_real, name: ChikBreakfast, platformName: Android, suppressKillServer: true, systemPort: 8215, testobject_device: Samsung.*, testobject_platform_name: Android, testobject_test_name: ChikBreakfast, uiautomator2ServerInstallTimeout: 60000, username: SauceFrank}, deviceApiLevel: 26, deviceContextId: 7fbb8050-9188-4180-8eac-98b..., deviceManufacturer: samsung, deviceModel: SM-G930F, deviceName: 10.101.64.14:16014, deviceScreenDensity: 480, deviceScreenSize: 1080x1920, deviceUDID: 10.101.64.14:16014, javascriptEnabled: true, locationContextEnabled: false, name: ChikBreakfast, networkConnectionEnabled: true, pixelRatio: 3, platform: LINUX, platformName: LINUX, platformVersion: 8.0.0, statBarHeight: 72, suppressKillServer: true, systemPort: 8215, takesScreenshot: true, testobject_device: Samsung_Galaxy_S7_real, testobject_device_name: Samsung Galaxy S7, testobject_device_session_id: e90fcd1b-92a0-453c-bb94-79c..., testobject_platform_name: Android, testobject_project_id: saucelabs-default, testobject_test_name: ChikBreakfast, testobject_test_report_api_url: https://api.us-west-1.sauce..., testobject_test_report_id: 34998, testobject_test_report_url: https://app.saucelabs.com/t..., testobject_user_id: SauceFrank, uiautomator2ServerInstallTimeout: 60000, usedCachedDevice: false, username: SauceFrank, viewportRect: {height: 1848, left: 0, top: 72, width: 1080}, warnings: {}, webStorageEnabled: false}&#10;Session ID: d1be0273-3048-4b9f-b265-7698e4c058c7&#10;*** Element info: {Using=link text, value=Breakfast}" type="org.openqa.selenium.NoSuchElementException">org.openqa.selenium.NoSuchElementException: 
no such element: Unable to locate element: {"method":"link text","selector":"Breakfast"}
  (Session info: chrome=98.0.4758.101)
  (Driver info: chromedriver=98.0.4758.48 (d869ab3eda60629b9fabbd4e30c0f833466c83fd-refs/branch-heads/4758@{#415}),platform=Linux 4.15.0-136-generic x86_64) (WARNING: The server did not provide any stacktrace information)
Command duration or timeout: 0 milliseconds
For documentation on this error, please visit: http://seleniumhq.org/exceptions/no_such_element.html
Build info: version: '3.14.0', revision: 'aacccce0', time: '2018-08-02T20:19:58.91Z'
System info: host: 'SL-1549.local', ip: 'fe80:0:0:0:1c19:e0cb:77d8:b78c%en0', os.name: 'Mac OS X', os.arch: 'x86_64', os.version: '10.16', java.version: '1.8.0_271'
Driver info: org.openqa.selenium.remote.RemoteWebDriver
Capabilities {accesskey: 70d8fea3-9242-4aea-ba5a-4f5..., adbPort: 15015, appActivity: com.google.android.apps.chr..., appPackage: com.android.chrome, browserName: Chrome, chromeOptions: {w3c: false}, chromedriverChromeMappingFile: /root/.testobject_devices/w..., chromedriverExecutableDir: /root/.testobject_devices/w..., chromedriverPorts: [[26150, 26160]], databaseEnabled: false, desired: {accesskey: 70d8fea3-9242-4aea-ba5a-4f5..., adbPort: 15015, browserName: Chrome, chromeOptions: {w3c: false}, chromedriverChromeMappingFile: /root/.testobject_devices/w..., chromedriverExecutableDir: /root/.testobject_devices/w..., chromedriverPorts: [[26150, 26160]], deviceName: Samsung_Galaxy_S7_real, name: ChikBreakfast, platformName: Android, suppressKillServer: true, systemPort: 8215, testobject_device: Samsung.*, testobject_platform_name: Android, testobject_test_name: ChikBreakfast, uiautomator2ServerInstallTimeout: 60000, username: SauceFrank}, deviceApiLevel: 26, deviceContextId: 7fbb8050-9188-4180-8eac-98b..., deviceManufacturer: samsung, deviceModel: SM-G930F, deviceName: 10.101.64.14:16014, deviceScreenDensity: 480, deviceScreenSize: 1080x1920, deviceUDID: 10.101.64.14:16014, javascriptEnabled: true, locationContextEnabled: false, name: ChikBreakfast, networkConnectionEnabled: true, pixelRatio: 3, platform: LINUX, platformName: LINUX, platformVersion: 8.0.0, statBarHeight: 72, suppressKillServer: true, systemPort: 8215, takesScreenshot: true, testobject_device: Samsung_Galaxy_S7_real, testobject_device_name: Samsung Galaxy S7, testobject_device_session_id: e90fcd1b-92a0-453c-bb94-79c..., testobject_platform_name: Android, testobject_project_id: saucelabs-default, testobject_test_name: ChikBreakfast, testobject_test_report_api_url: https://api.us-west-1.sauce..., testobject_test_report_id: 34998, testobject_test_report_url: https://app.saucelabs.com/t..., testobject_user_id: SauceFrank, uiautomator2ServerInstallTimeout: 60000, usedCachedDevice: false, username: SauceFrank, viewportRect: {height: 1848, left: 0, top: 72, width: 1080}, warnings: {}, webStorageEnabled: false}
Session ID: d1be0273-3048-4b9f-b265-7698e4c058c7
*** Element info: {Using=link text, value=Breakfast}
	at com.chik.ChikTest.ChikBreakfast(ChikTest.java:135)
</failure>
  </testcase>
  <testcase name="ChikBreakfast" classname="com.chik.ChikTest" time="18.657">
    <failure message="&#10;Build info: version: &apos;3.4.0&apos;, revision: &apos;unknown&apos;, time: &apos;unknown&apos;&#10;System info: host: &apos;WIN-R1JBAO1CNPS&apos;, ip: &apos;10.119.28.166&apos;, os.name: &apos;Windows Server 2008 R2&apos;, os.arch: &apos;x86&apos;, os.version: &apos;6.1&apos;, java.version: &apos;1.8.0_91&apos;&#10;Driver info: org.openqa.selenium.firefox.FirefoxDriver&#10;Capabilities [{moz:profile=C:\Users\ADMINI~1\AppData\Local\Temp\rust_mozprofile.qzskHVxJb0QX, rotatable=false, timeouts={implicit=0.0, pageLoad=300000.0, script=30000.0}, pageLoadStrategy=normal, platform=ANY, specificationLevel=0.0, moz:accessibilityChecks=false, acceptInsecureCerts=false, browserVersion=55.0, platformVersion=6.1, moz:processID=1928.0, browserName=firefox, javascriptEnabled=true, platformName=windows_nt}]&#10;Session ID: XXXXXXXX-XXXX-XXXX-XXXX-XXXX918863df&#10;Command duration or timeout: 0 milliseconds" type="org.openqa.selenium.ElementNotInteractableException">org.openqa.selenium.ElementNotInteractableException: 

Build info: version: '3.4.0', revision: 'unknown', time: 'unknown'
System info: host: 'WIN-R1JBAO1CNPS', ip: '10.119.28.166', os.name: 'Windows Server 2008 R2', os.arch: 'x86', os.version: '6.1', java.version: '1.8.0_91'
Driver info: org.openqa.selenium.firefox.FirefoxDriver
Capabilities [{moz:profile=C:\Users\ADMINI~1\AppData\Local\Temp\rust_mozprofile.qzskHVxJb0QX, rotatable=false, timeouts={implicit=0.0, pageLoad=300000.0, script=30000.0}, pageLoadStrategy=normal, platform=ANY, specificationLevel=0.0, moz:accessibilityChecks=false, acceptInsecureCerts=false, browserVersion=55.0, platformVersion=6.1, moz:processID=1928.0, browserName=firefox, javascriptEnabled=true, platformName=windows_nt}]
Session ID: XXXXXXXX-XXXX-XXXX-XXXX-XXXX918863df
Command duration or timeout: 0 milliseconds
	at com.chik.ChikTest.ChikBreakfast(ChikTest.java:135)
Caused by: org.openqa.selenium.ElementNotInteractableException: 

Build info: version: '3.4.0', revision: 'unknown', time: 'unknown'
System info: host: 'WIN-R1JBAO1CNPS', ip: '10.119.28.166', os.name: 'Windows Server 2008 R2', os.arch: 'x86', os.version: '6.1', java.version: '1.8.0_91'
Driver info: org.openqa.selenium.firefox.FirefoxDriver
Capabilities [{moz:profile=C:\Users\ADMINI~1\AppData\Local\Temp\rust_mozprofile.qzskHVxJb0QX, rotatable=false, timeouts={implicit=0.0, pageLoad=300000.0, script=30000.0}, pageLoadStrategy=normal, platform=ANY, specificationLevel=0.0, moz:accessibilityChecks=false, acceptInsecureCerts=false, browserVersion=55.0, platformVersion=6.1, moz:processID=1928.0, browserName=firefox, javascriptEnabled=true, platformName=windows_nt}]
Session ID: XXXXXXXX-XXXX-XXXX-XXXX-XXXX918863df
Build info: version: '3.14.0', revision: 'aacccce0', time: '2018-08-02T20:19:58.91Z'
System info: host: 'SL-1549.local', ip: 'fe80:0:0:0:1c19:e0cb:77d8:b78c%en0', os.name: 'Mac OS X', os.arch: 'x86_64', os.version: '10.16', java.version: '1.8.0_271'
Driver info: driver.version: RemoteWebDriver
</failure>
  </testcase>
  <testcase name="ChikBreakfast" classname="com.chik.ChikTest" time="50.517">
    <failure message="An element command could not be completed because the element is not visible on the page. (WARNING: The server did not provide any stacktrace information)&#10;Command duration or timeout: 0 milliseconds&#10;Build info: version: &apos;3.14.0&apos;, revision: &apos;aacccce0&apos;, time: &apos;2018-08-02T20:19:58.91Z&apos;&#10;System info: host: &apos;SL-1549.local&apos;, ip: &apos;fe80:0:0:0:1c19:e0cb:77d8:b78c%en0&apos;, os.name: &apos;Mac OS X&apos;, os.arch: &apos;x86_64&apos;, os.version: &apos;10.16&apos;, java.version: &apos;1.8.0_271&apos;&#10;Driver info: org.openqa.selenium.remote.RemoteWebDriver&#10;Capabilities {applicationCacheEnabled: true, browserName: safari, cleanSession: true, cssSelectorsEnabled: true, databaseEnabled: true, handlesAlerts: true, hasMetadata: true, javascriptEnabled: true, locationContextEnabled: false, nativeEvents: true, platform: MAC, platformName: MAC, rotatable: false, version: 12604.5.6.1.1, webStorageEnabled: true, webdriver.remote.sessionid: 570fb64bdf0241ef9708034b97e...}&#10;Session ID: 570fb64bdf0241ef9708034b97e93dae" type="org.openqa.selenium.ElementNotVisibleException">org.openqa.selenium.ElementNotVisibleException: 
An element command could not be completed because the element is not visible on the page. (WARNING: The server did not provide any stacktrace information)
Command duration or timeout: 0 milliseconds
Build info: version: '3.14.0', revision: 'aacccce0', time: '2018-08-02T20:19:58.91Z'
System info: host: 'SL-1549.local', ip: 'fe80:0:0:0:1c19:e0cb:77d8:b78c%en0', os.name: 'Mac OS X', os.arch: 'x86_64', os.version: '10.16', java.version: '1.8.0_271'
Driver info: org.openqa.selenium.remote.RemoteWebDriver
Capabilities {applicationCacheEnabled: true, browserName: safari, cleanSession: true, cssSelectorsEnabled: true, databaseEnabled: true, handlesAlerts: true, hasMetadata: true, javascriptEnabled: true, locationContextEnabled: false, nativeEvents: true, platform: MAC, platformName: MAC, rotatable: false, version: 12604.5.6.1.1, webStorageEnabled: true, webdriver.remote.sessionid: 570fb64bdf0241ef9708034b97e...}
Session ID: 570fb64bdf0241ef9708034b97e93dae
	at com.chik.ChikTest.ChikBreakfast(ChikTest.java:135)
</failure>
  </testcase>
  <testcase name="ChikBreakfast" classname="com.chik.ChikTest" time="163.809">
    <failure message="no such element: Unable to locate element: {&quot;method&quot;:&quot;link text&quot;,&quot;selector&quot;:&quot;Breakfast&quot;}&#10;  (Session info: chrome=76.0.3809.87)&#10;  (Driver info: chromedriver=76.0.3809.68 (420c9498db8ce8fcd190a954d51297672c1515d5-refs/branch-heads/3809@{#864}),platform=Mac OS X 10.11.6 x86_64) (WARNING: The server did not provide any stacktrace information)&#10;Command duration or timeout: 0 milliseconds&#10;For documentation on this error, please visit: http://seleniumhq.org/exceptions/no_such_element.html&#10;Build info: version: &apos;3.14.0&apos;, revision: &apos;aacccce0&apos;, time: &apos;2018-08-02T20:19:58.91Z&apos;&#10;System info: host: &apos;SL-1549.local&apos;, ip: &apos;fe80:0:0:0:1c19:e0cb:77d8:b78c%en0&apos;, os.name: &apos;Mac OS X&apos;, os.arch: &apos;x86_64&apos;, os.version: &apos;10.16&apos;, java.version: &apos;1.8.0_271&apos;&#10;Driver info: org.openqa.selenium.remote.RemoteWebDriver&#10;Capabilities {acceptInsecureCerts: false, acceptSslCerts: false, applicationCacheEnabled: false, browserConnectionEnabled: false, browserName: chrome, chrome: {chromedriverVersion: 76.0.3809.68 (420c9498db8ce..., userDataDir: /var/folders/x8/0hf91b3x6n5...}, cssSelectorsEnabled: true, databaseEnabled: false, goog:chromeOptions: {debuggerAddress: localhost:64533}, handlesAlerts: true, hasMetadata: true, hasTouchScreen: false, javascriptEnabled: true, locationContextEnabled: true, mobileEmulationEnabled: false, nativeEvents: true, networkConnectionEnabled: false, pageLoadStrategy: normal, platform: MAC, platformName: MAC, proxy: Proxy(), rotatable: false, setWindowRect: true, strictFileInteractability: false, takesHeapSnapshot: true, takesScreenshot: true, timeouts: {implicit: 0, pageLoad: 300000, script: 30000}, unexpectedAlertBehaviour: ignore, unhandledPromptBehavior: ignore, version: 76.0.3809.87, webStorageEnabled: true, webdriver.remote.sessionid: 77b7c225769f4c6fb49a25b0c69...}&#10;Session ID: 77b7c225769f4c6fb49a25b0c6972423&#10;*** Element info: {Using=link text, value=Breakfast}" type="org.openqa.selenium.NoSuchElementException">org.openqa.selenium.NoSuchElementException: 
no such element: Unable to locate element: {"method":"link text","selector":"Breakfast"}
  (Session info: chrome=76.0.3809.87)
  (Driver info: chromedriver=76.0.3809.68 (420c9498db8ce8fcd190a954d51297672c1515d5-refs/branch-heads/3809@{#864}),platform=Mac OS X 10.11.6 x86_64) (WARNING: The server did not provide any stacktrace information)
Command duration or timeout: 0 milliseconds
For documentation on this error, please visit: http://seleniumhq.org/exceptions/no_such_element.html
Build info: version: '3.14.0', revision: 'aacccce0', time: '2018-08-02T20:19:58.91Z'
System info: host: 'SL-1549.local', ip: 'fe80:0:0:0:1c19:e0cb:77d8:b78c%en0', os.name: 'Mac OS X', os.arch: 'x86_64', os.version: '10.16', java.version: '1.8.0_271'
Driver info: org.openqa.selenium.remote.RemoteWebDriver
Capabilities {acceptInsecureCerts: false, acceptSslCerts: false, applicationCacheEnabled: false, browserConnectionEnabled: false, browserName: chrome, chrome: {chromedriverVersion: 76.0.3809.68 (420c9498db8ce..., userDataDir: /var/folders/x8/0hf91b3x6n5...}, cssSelectorsEnabled: true, databaseEnabled: false, goog:chromeOptions: {debuggerAddress: localhost:64533}, handlesAlerts: true, hasMetadata: true, hasTouchScreen: false, javascriptEnabled: true, locationContextEnabled: true, mobileEmulationEnabled: false, nativeEvents: true, networkConnectionEnabled: false, pageLoadStrategy: normal, platform: MAC, platformName: MAC, proxy: Proxy(), rotatable: false, setWindowRect: true, strictFileInteractability: false, takesHeapSnapshot: true, takesScreenshot: true, timeouts: {implicit: 0, pageLoad: 300000, script: 30000}, unexpectedAlertBehaviour: ignore, unhandledPromptBehavior: ignore, version: 76.0.3809.87, webStorageEnabled: true, webdriver.remote.sessionid: 77b7c225769f4c6fb49a25b0c69...}
Session ID: 77b7c225769f4c6fb49a25b0c6972423
*** Element info: {Using=link text, value=Breakfast}
	at com.chik.ChikTest.ChikBreakfast(ChikTest.java:135)
</failure>
  </testcase>
  <testcase name="ChikBreakfast" classname="com.chik.ChikTest" time="197.707">
    <failure message="no such element: Unable to locate element: {&quot;method&quot;:&quot;link text&quot;,&quot;selector&quot;:&quot;Breakfast&quot;}&#10;  (Session info: chrome=98.0.4758.82)&#10;  (Driver info: chromedriver=97.0.4692.71 (adefa7837d02a07a604c1e6eff0b3a09422ab88d-refs/branch-heads/4692@{#1247}),platform=Windows NT 10.0.10586 x86_64) (WARNING: The server did not provide any stacktrace information)&#10;Command duration or timeout: 0 milliseconds&#10;For documentation on this error, please visit: http://seleniumhq.org/exceptions/no_such_element.html&#10;Build info: version: &apos;3.14.0&apos;, revision: &apos;aacccce0&apos;, time: &apos;2018-08-02T20:19:58.91Z&apos;&#10;System info: host: &apos;SL-1549.local&apos;, ip: &apos;fe80:0:0:0:1c19:e0cb:77d8:b78c%en0&apos;, os.name: &apos;Mac OS X&apos;, os.arch: &apos;x86_64&apos;, os.version: &apos;10.16&apos;, java.version: &apos;1.8.0_271&apos;&#10;Driver info: org.openqa.selenium.remote.RemoteWebDriver&#10;Capabilities {acceptInsecureCerts: false, acceptSslCerts: false, applicationCacheEnabled: false, browserConnectionEnabled: false, browserName: chrome, chrome: {chromedriverVersion: 97.0.4692.71 (adefa7837d02a..., userDataDir: C:\Users\ADMINI~1\AppData\L...}, cssSelectorsEnabled: true, databaseEnabled: false, goog:chromeOptions: {debuggerAddress: localhost:64533}, handlesAlerts: true, hasMetadata: true, hasTouchScreen: false, javascriptEnabled: true, locationContextEnabled: true, mobileEmulationEnabled: false, nativeEvents: true, networkConnectionEnabled: false, pageLoadStrategy: normal, platform: WINDOWS, platformName: WINDOWS, proxy: Proxy(), rotatable: false, setWindowRect: true, strictFileInteractability: false, takesHeapSnapshot: true, takesScreenshot: true, timeouts: {implicit: 0, pageLoad: 300000, script: 30000}, unexpectedAlertBehaviour: ignore, unhandledPromptBehavior: ignore, version: 98.0.4758.82, webStorageEnabled: true, webauthn:extension:credBlob: true, webauthn:extension:largeBlob: true, webauthn:virtualAuthenticators: true, webdriver.remote.sessionid: d195013ebc574472af713ec80aa...}&#10;Session ID: d195013ebc574472af713ec80aa4da37&#10;*** Element info: {Using=link text, value=Breakfast}" type="org.openqa.selenium.NoSuchElementException">org.openqa.selenium.NoSuchElementException: 
no such element: Unable to locate element: {"method":"link text","selector":"Breakfast"}
  (Session info: chrome=98.0.4758.82)
  (Driver info: chromedriver=97.0.4692.71 (adefa7837d02a07a604c1e6eff0b3a09422ab88d-refs/branch-heads/4692@{#1247}),platform=Windows NT 10.0.10586 x86_64) (WARNING: The server did not provide any stacktrace information)
Command duration or timeout: 0 milliseconds
For documentation on this error, please visit: http://seleniumhq.org/exceptions/no_such_element.html
Build info: version: '3.14.0', revision: 'aacccce0', time: '2018-08-02T20:19:58.91Z'
System info: host: 'SL-1549.local', ip: 'fe80:0:0:0:1c19:e0cb:77d8:b78c%en0', os.name: 'Mac OS X', os.arch: 'x86_64', os.version: '10.16', java.version: '1.8.0_271'
Driver info: org.openqa.selenium.remote.RemoteWebDriver
Capabilities {acceptInsecureCerts: false, acceptSslCerts: false, applicationCacheEnabled: false, browserConnectionEnabled: false, browserName: chrome, chrome: {chromedriverVersion: 97.0.4692.71 (adefa7837d02a..., userDataDir: C:\Users\ADMINI~1\AppData\L...}, cssSelectorsEnabled: true, databaseEnabled: false, goog:chromeOptions: {debuggerAddress: localhost:64533}, handlesAlerts: true, hasMetadata: true, hasTouchScreen: false, javascriptEnabled: true, locationContextEnabled: true, mobileEmulationEnabled: false, nativeEvents: true, networkConnectionEnabled: false, pageLoadStrategy: normal, platform: WINDOWS, platformName: WINDOWS, proxy: Proxy(), rotatable: false, setWindowRect: true, strictFileInteractability: false, takesHeapSnapshot: true, takesScreenshot: true, timeouts: {implicit: 0, pageLoad: 300000, script: 30000}, unexpectedAlertBehaviour: ignore, unhandledPromptBehavior: ignore, version: 98.0.4758.82, webStorageEnabled: true, webauthn:extension:credBlob: true, webauthn:extension:largeBlob: true, webauthn:virtualAuthenticators: true, webdriver.remote.sessionid: d195013ebc574472af713ec80aa...}
Session ID: d195013ebc574472af713ec80aa4da37
*** Element info: {Using=link text, value=Breakfast}
	at com.chik.ChikTest.ChikBreakfast(ChikTest.java:135)
</failure>
  </testcase>
  <testcase name="ChikPageTitle" classname="com.chik.ChikTest" time="0.299"/>
  <testcase name="ChikPageTitle" classname="com.chik.ChikTest" time="4.28"/>
  <testcase name="ChikPageTitle" classname="com.chik.ChikTest" time="4.486"/>
  <testcase name="ChikPageTitle" classname="com.chik.ChikTest" time="8.382"/>
  <testcase name="ChikPageTitle" classname="com.chik.ChikTest" time="10.443"/>
  <testcase name="ChikPageTitle" classname="com.chik.ChikTest" time="11.594"/>
  <testcase name="ChikPageTitle" classname="com.chik.ChikTest" time="12.433"/>
  <testcase name="ChikPageTitle" classname="com.chik.ChikTest" time="24.949"/>
  <testcase name="ChikPageTitle" classname="com.chik.ChikTest" time="47.717"/>
  <testcase name="ChikPageTitle" classname="com.chik.ChikTest" time="174.92"/>
  <testcase name="ChikPageTitle" classname="com.chik.ChikTest" time="265.755"/>
  <testcase name="CNNPageTitle" classname="com.cnn.CNNTest" time="2.864"/>
  <testcase name="CNNPageTitle" classname="com.cnn.CNNTest" time="3.149"/>
  <testcase name="CNNPageTitle" classname="com.cnn.CNNTest" time="2.262"/>
  <testcase name="CNNPageTitle" classname="com.cnn.CNNTest" time="7.955"/>
  <testcase name="CNNPageTitle" classname="com.cnn.CNNTest" time="11.493"/>
  <testcase name="CNNPageTitle" classname="com.cnn.CNNTest" time="14.221"/>
  <testcase name="CNNPageTitle" classname="com.cnn.CNNTest" time="22.251"/>
  <testcase name="CNNPageTitle" classname="com.cnn.CNNTest" time="46.048"/>
  <testcase name="CNNPageTitle" classname="com.cnn.CNNTest" time="100.028"/>
  <testcase name="CNNPageTitle" classname="com.cnn.CNNTest" time="130.532"/>
  <testcase name="CNNPageTitle" classname="com.cnn.CNNTest" time="160.654"/>
  <testcase name="CNNSports" classname="com.cnn.CNNTest" time="1.502"/>
  <testcase name="CNNSports" classname="com.cnn.CNNTest" time="12.558"/>
  <testcase name="CNNSports" classname="com.cnn.CNNTest" time="18.765">
    <failure message="expected [Latest sports news, videos, interviews and comment - CNN] but found [CNN - Breaking News, Latest News and Videos]" type="java.lang.AssertionError">java.lang.AssertionError: expected [Latest sports news, videos, interviews and comment - CNN] but found [CNN - Breaking News, Latest News and Videos]
	at com.cnn.CNNTest.CNNSports(CNNTest.java:136)
</failure>
  </testcase>
  <testcase name="CNNSports" classname="com.cnn.CNNTest" time="23.842"/>
  <testcase name="CNNSports" classname="com.cnn.CNNTest" time="31.827"/>
  <testcase name="CNNSports" classname="com.cnn.CNNTest" time="54.54"/>
  <testcase name="CNNSports" classname="com.cnn.CNNTest" time="64.801"/>
  <testcase name="CNNSports" classname="com.cnn.CNNTest" time="77.256"/>
  <testcase name="CNNSports" classname="com.cnn.CNNTest" time="116.22">
    <failure message="element click intercepted: Element &lt;a mode=&quot;dark&quot; type=&quot;expanded&quot; name=&quot;bleacher&quot; href=&quot;/sport&quot; data-analytics=&quot;footer&quot; title=&quot;visit the ... section&quot; class=&quot;sc-fjdhpX sc-chPdSV gxWYAY&quot;&gt;Sports&lt;/a&gt; is not clickable at point (494, 637). Other element would receive the click: &lt;rect x=&quot;0&quot; y=&quot;0&quot; width=&quot;100%&quot; height=&quot;100%&quot; fill=&quot;#fff&quot;&gt;&lt;/rect&gt;&#10;  (Session info: chrome=98.0.4758.82)&#10;  (Driver info: chromedriver=97.0.4692.71 (adefa7837d02a07a604c1e6eff0b3a09422ab88d-refs/branch-heads/4692@{#1247}),platform=Windows NT 10.0.10586 x86_64) (WARNING: The server did not provide any stacktrace information)&#10;Command duration or timeout: 0 milliseconds&#10;Build info: version: &apos;3.14.0&apos;, revision: &apos;aacccce0&apos;, time: &apos;2018-08-02T20:19:58.91Z&apos;&#10;System info: host: &apos;SL-1549.local&apos;, ip: &apos;fe80:0:0:0:1c19:e0cb:77d8:b78c%en0&apos;, os.name: &apos;Mac OS X&apos;, os.arch: &apos;x86_64&apos;, os.version: &apos;10.16&apos;, java.version: &apos;1.8.0_271&apos;&#10;Driver info: org.openqa.selenium.remote.RemoteWebDriver&#10;Capabilities {acceptInsecureCerts: false, acceptSslCerts: false, applicationCacheEnabled: false, browserConnectionEnabled: false, browserName: chrome, chrome: {chromedriverVersion: 97.0.4692.71 (adefa7837d02a..., userDataDir: C:\Users\ADMINI~1\AppData\L...}, cssSelectorsEnabled: true, databaseEnabled: false, goog:chromeOptions: {debuggerAddress: localhost:64533}, handlesAlerts: true, hasMetadata: true, hasTouchScreen: false, javascriptEnabled: true, locationContextEnabled: true, mobileEmulationEnabled: false, nativeEvents: true, networkConnectionEnabled: false, pageLoadStrategy: normal, platform: WINDOWS, platformName: WINDOWS, proxy: Proxy(), rotatable: false, setWindowRect: true, strictFileInteractability: false, takesHeapSnapshot: true, takesScreenshot: true, timeouts: {implicit: 0, pageLoad: 300000, script: 30000}, unexpectedAlertBehaviour: ignore, unhandledPromptBehavior: ignore, version: 98.0.4758.82, webStorageEnabled: true, webauthn:extension:credBlob: true, webauthn:extension:largeBlob: true, webauthn:virtualAuthenticators: true, webdriver.remote.sessionid: 0dd03b67fa1e49b69106d14ba1e...}&#10;Session ID: 0dd03b67fa1e49b69106d14ba1e1be6e" type="org.openqa.selenium.ElementClickInterceptedException"><![CDATA[org.openqa.selenium.ElementClickInterceptedException: 
element click intercepted: Element <a mode="dark" type="expanded" name="bleacher" href="/sport" data-analytics="footer" title="visit the ... section" class="sc-fjdhpX sc-chPdSV gxWYAY">Sports</a> is not clickable at point (494, 637). Other element would receive the click: <rect x="0" y="0" width="100%" height="100%" fill="#fff"></rect>
  (Session info: chrome=98.0.4758.82)
  (Driver info: chromedriver=97.0.4692.71 (adefa7837d02a07a604c1e6eff0b3a09422ab88d-refs/branch-heads/4692@{#1247}),platform=Windows NT 10.0.10586 x86_64) (WARNING: The server did not provide any stacktrace information)
Command duration or timeout: 0 milliseconds
Build info: version: '3.14.0', revision: 'aacccce0', time: '2018-08-02T20:19:58.91Z'
System info: host: 'SL-1549.local', ip: 'fe80:0:0:0:1c19:e0cb:77d8:b78c%en0', os.name: 'Mac OS X', os.arch: 'x86_64', os.version: '10.16', java.version: '1.8.0_271'
Driver info: org.openqa.selenium.remote.RemoteWebDriver
Capabilities {acceptInsecureCerts: false, acceptSslCerts: false, applicationCacheEnabled: false, browserConnectionEnabled: false, browserName: chrome, chrome: {chromedriverVersion: 97.0.4692.71 (adefa7837d02a..., userDataDir: C:\Users\ADMINI~1\AppData\L...}, cssSelectorsEnabled: true, databaseEnabled: false, goog:chromeOptions: {debuggerAddress: localhost:64533}, handlesAlerts: true, hasMetadata: true, hasTouchScreen: false, javascriptEnabled: true, locationContextEnabled: true, mobileEmulationEnabled: false, nativeEvents: true, networkConnectionEnabled: false, pageLoadStrategy: normal, platform: WINDOWS, platformName: WINDOWS, proxy: Proxy(), rotatable: false, setWindowRect: true, strictFileInteractability: false, takesHeapSnapshot: true, takesScreenshot: true, timeouts: {implicit: 0, pageLoad: 300000, script: 30000}, unexpectedAlertBehaviour: ignore, unhandledPromptBehavior: ignore, version: 98.0.4758.82, webStorageEnabled: true, webauthn:extension:credBlob: true, webauthn:extension:largeBlob: true, webauthn:virtualAuthenticators: true, webdriver.remote.sessionid: 0dd03b67fa1e49b69106d14ba1e...}
Session ID: 0dd03b67fa1e49b69106d14ba1e1be6e
	at com.cnn.CNNTest.CNNSports(CNNTest.java:135)
]]></failure>
  </testcase>
  <testcase name="CNNSports" classname="com.cnn.CNNTest" time="156.023">
    <failure message="expected [Latest sports news, videos, interviews and comment - CNN] but found [CNN - Breaking News, Latest News and Videos]" type="java.lang.AssertionError">java.lang.AssertionError: expected [Latest sports news, videos, interviews and comment - CNN] but found [CNN - Breaking News, Latest News and Videos]
	at com.cnn.CNNTest.CNNSports(CNNTest.java:136)
</failure>
  </testcase>
  <testcase name="CNNSports" classname="com.cnn.CNNTest" time="169.665"/>
</testsuite>